{"C:\\Users\\alej8\\Music\\Triddy\\src\\App.js": {"path":"C:\\Users\\alej8\\Music\\Triddy\\src\\App.js","statementMap":{"0":{"start":{"line":10,"column":2},"end":{"line":32,"column":4}}},"fnMap":{"0":{"name":"App","decl":{"start":{"line":9,"column":9},"end":{"line":9,"column":12}},"loc":{"start":{"line":9,"column":15},"end":{"line":33,"column":1}},"line":9}},"branchMap":{},"s":{"0":1},"f":{"0":1},"b":{},"_coverageSchema":"1a1c01bbd47fc00a2c39e90264f33305004495a9","hash":"10012e224e067b58fa0a1309fe8302a2348da160"}
,"C:\\Users\\alej8\\Music\\Triddy\\src\\Procfile.js": {"path":"C:\\Users\\alej8\\Music\\Triddy\\src\\Procfile.js","statementMap":{"0":{"start":{"line":15,"column":4},"end":{"line":37,"column":6}}},"fnMap":{"0":{"name":"Procfile","decl":{"start":{"line":14,"column":9},"end":{"line":14,"column":17}},"loc":{"start":{"line":14,"column":20},"end":{"line":38,"column":1}},"line":14}},"branchMap":{},"s":{"0":0},"f":{"0":0},"b":{}}
,"C:\\Users\\alej8\\Music\\Triddy\\src\\index.js": {"path":"C:\\Users\\alej8\\Music\\Triddy\\src\\index.js","statementMap":{"0":{"start":{"line":7,"column":0},"end":{"line":12,"column":2}},"1":{"start":{"line":17,"column":0},"end":{"line":17,"column":18}}},"fnMap":{},"branchMap":{},"s":{"0":0,"1":0},"f":{},"b":{}}
,"C:\\Users\\alej8\\Music\\Triddy\\src\\reportWebVitals.js": {"path":"C:\\Users\\alej8\\Music\\Triddy\\src\\reportWebVitals.js","statementMap":{"0":{"start":{"line":1,"column":24},"end":{"line":11,"column":1}},"1":{"start":{"line":2,"column":2},"end":{"line":10,"column":3}},"2":{"start":{"line":3,"column":4},"end":{"line":9,"column":7}},"3":{"start":{"line":4,"column":6},"end":{"line":4,"column":26}},"4":{"start":{"line":5,"column":6},"end":{"line":5,"column":26}},"5":{"start":{"line":6,"column":6},"end":{"line":6,"column":26}},"6":{"start":{"line":7,"column":6},"end":{"line":7,"column":26}},"7":{"start":{"line":8,"column":6},"end":{"line":8,"column":27}}},"fnMap":{"0":{"name":"(anonymous_0)","decl":{"start":{"line":1,"column":24},"end":{"line":1,"column":25}},"loc":{"start":{"line":1,"column":39},"end":{"line":11,"column":1}},"line":1},"1":{"name":"(anonymous_1)","decl":{"start":{"line":3,"column":30},"end":{"line":3,"column":31}},"loc":{"start":{"line":3,"column":79},"end":{"line":9,"column":5}},"line":3}},"branchMap":{"0":{"loc":{"start":{"line":2,"column":2},"end":{"line":10,"column":3}},"type":"if","locations":[{"start":{"line":2,"column":2},"end":{"line":10,"column":3}},{"start":{"line":2,"column":2},"end":{"line":10,"column":3}}],"line":2},"1":{"loc":{"start":{"line":2,"column":6},"end":{"line":2,"column":52}},"type":"binary-expr","locations":[{"start":{"line":2,"column":6},"end":{"line":2,"column":17}},{"start":{"line":2,"column":21},"end":{"line":2,"column":52}}],"line":2}},"s":{"0":0,"1":0,"2":0,"3":0,"4":0,"5":0,"6":0,"7":0},"f":{"0":0,"1":0},"b":{"0":[0,0],"1":[0,0]}}
,"C:\\Users\\alej8\\Music\\Triddy\\src\\serviceWorker.js": {"path":"C:\\Users\\alej8\\Music\\Triddy\\src\\serviceWorker.js","statementMap":{"0":{"start":{"line":13,"column":20},"end":{"line":21,"column":1}},"1":{"start":{"line":24,"column":2},"end":{"line":54,"column":3}},"2":{"start":{"line":26,"column":22},"end":{"line":26,"column":75}},"3":{"start":{"line":27,"column":4},"end":{"line":32,"column":5}},"4":{"start":{"line":31,"column":6},"end":{"line":31,"column":13}},"5":{"start":{"line":34,"column":4},"end":{"line":53,"column":7}},"6":{"start":{"line":35,"column":20},"end":{"line":35,"column":65}},"7":{"start":{"line":37,"column":6},"end":{"line":52,"column":7}},"8":{"start":{"line":39,"column":8},"end":{"line":39,"column":47}},"9":{"start":{"line":43,"column":8},"end":{"line":48,"column":11}},"10":{"start":{"line":44,"column":10},"end":{"line":47,"column":12}},"11":{"start":{"line":51,"column":8},"end":{"line":51,"column":39}},"12":{"start":{"line":58,"column":2},"end":{"line":98,"column":7}},"13":{"start":{"line":61,"column":6},"end":{"line":94,"column":8}},"14":{"start":{"line":62,"column":33},"end":{"line":62,"column":56}},"15":{"start":{"line":63,"column":8},"end":{"line":65,"column":9}},"16":{"start":{"line":64,"column":10},"end":{"line":64,"column":17}},"17":{"start":{"line":66,"column":8},"end":{"line":93,"column":10}},"18":{"start":{"line":67,"column":10},"end":{"line":92,"column":11}},"19":{"start":{"line":68,"column":12},"end":{"line":91,"column":13}},"20":{"start":{"line":72,"column":14},"end":{"line":75,"column":16}},"21":{"start":{"line":78,"column":14},"end":{"line":80,"column":15}},"22":{"start":{"line":79,"column":16},"end":{"line":79,"column":46}},"23":{"start":{"line":85,"column":14},"end":{"line":85,"column":64}},"24":{"start":{"line":88,"column":14},"end":{"line":90,"column":15}},"25":{"start":{"line":89,"column":16},"end":{"line":89,"column":47}},"26":{"start":{"line":97,"column":6},"end":{"line":97,"column":72}},"27":{"start":{"line":103,"column":2},"end":{"line":126,"column":7}},"28":{"start":{"line":106,"column":26},"end":{"line":106,"column":62}},"29":{"start":{"line":107,"column":6},"end":{"line":120,"column":7}},"30":{"start":{"line":112,"column":8},"end":{"line":116,"column":11}},"31":{"start":{"line":113,"column":10},"end":{"line":115,"column":13}},"32":{"start":{"line":114,"column":12},"end":{"line":114,"column":37}},"33":{"start":{"line":119,"column":8},"end":{"line":119,"column":39}},"34":{"start":{"line":123,"column":6},"end":{"line":125,"column":8}},"35":{"start":{"line":130,"column":2},"end":{"line":134,"column":3}},"36":{"start":{"line":131,"column":4},"end":{"line":133,"column":7}},"37":{"start":{"line":132,"column":6},"end":{"line":132,"column":32}}},"fnMap":{"0":{"name":"register","decl":{"start":{"line":23,"column":16},"end":{"line":23,"column":24}},"loc":{"start":{"line":23,"column":33},"end":{"line":55,"column":1}},"line":23},"1":{"name":"(anonymous_1)","decl":{"start":{"line":34,"column":36},"end":{"line":34,"column":37}},"loc":{"start":{"line":34,"column":42},"end":{"line":53,"column":5}},"line":34},"2":{"name":"(anonymous_2)","decl":{"start":{"line":43,"column":43},"end":{"line":43,"column":44}},"loc":{"start":{"line":43,"column":49},"end":{"line":48,"column":9}},"line":43},"3":{"name":"registerValidSW","decl":{"start":{"line":57,"column":9},"end":{"line":57,"column":24}},"loc":{"start":{"line":57,"column":40},"end":{"line":99,"column":1}},"line":57},"4":{"name":"(anonymous_4)","decl":{"start":{"line":60,"column":10},"end":{"line":60,"column":11}},"loc":{"start":{"line":60,"column":26},"end":{"line":95,"column":5}},"line":60},"5":{"name":"(anonymous_5)","decl":{"start":{"line":61,"column":35},"end":{"line":61,"column":36}},"loc":{"start":{"line":61,"column":41},"end":{"line":94,"column":7}},"line":61},"6":{"name":"(anonymous_6)","decl":{"start":{"line":66,"column":41},"end":{"line":66,"column":42}},"loc":{"start":{"line":66,"column":47},"end":{"line":93,"column":9}},"line":66},"7":{"name":"(anonymous_7)","decl":{"start":{"line":96,"column":11},"end":{"line":96,"column":12}},"loc":{"start":{"line":96,"column":20},"end":{"line":98,"column":5}},"line":96},"8":{"name":"checkValidServiceWorker","decl":{"start":{"line":101,"column":9},"end":{"line":101,"column":32}},"loc":{"start":{"line":101,"column":48},"end":{"line":127,"column":1}},"line":101},"9":{"name":"(anonymous_9)","decl":{"start":{"line":104,"column":10},"end":{"line":104,"column":11}},"loc":{"start":{"line":104,"column":22},"end":{"line":121,"column":5}},"line":104},"10":{"name":"(anonymous_10)","decl":{"start":{"line":112,"column":43},"end":{"line":112,"column":44}},"loc":{"start":{"line":112,"column":59},"end":{"line":116,"column":9}},"line":112},"11":{"name":"(anonymous_11)","decl":{"start":{"line":113,"column":41},"end":{"line":113,"column":42}},"loc":{"start":{"line":113,"column":47},"end":{"line":115,"column":11}},"line":113},"12":{"name":"(anonymous_12)","decl":{"start":{"line":122,"column":11},"end":{"line":122,"column":12}},"loc":{"start":{"line":122,"column":17},"end":{"line":126,"column":5}},"line":122},"13":{"name":"unregister","decl":{"start":{"line":129,"column":16},"end":{"line":129,"column":26}},"loc":{"start":{"line":129,"column":29},"end":{"line":135,"column":1}},"line":129},"14":{"name":"(anonymous_14)","decl":{"start":{"line":131,"column":39},"end":{"line":131,"column":40}},"loc":{"start":{"line":131,"column":55},"end":{"line":133,"column":5}},"line":131}},"branchMap":{"0":{"loc":{"start":{"line":14,"column":2},"end":{"line":20,"column":5}},"type":"binary-expr","locations":[{"start":{"line":14,"column":2},"end":{"line":14,"column":42}},{"start":{"line":16,"column":4},"end":{"line":16,"column":40}},{"start":{"line":18,"column":4},"end":{"line":20,"column":5}}],"line":14},"1":{"loc":{"start":{"line":24,"column":2},"end":{"line":54,"column":3}},"type":"if","locations":[{"start":{"line":24,"column":2},"end":{"line":54,"column":3}},{"start":{"line":24,"column":2},"end":{"line":54,"column":3}}],"line":24},"2":{"loc":{"start":{"line":24,"column":6},"end":{"line":24,"column":75}},"type":"binary-expr","locations":[{"start":{"line":24,"column":6},"end":{"line":24,"column":43}},{"start":{"line":24,"column":47},"end":{"line":24,"column":75}}],"line":24},"3":{"loc":{"start":{"line":27,"column":4},"end":{"line":32,"column":5}},"type":"if","locations":[{"start":{"line":27,"column":4},"end":{"line":32,"column":5}},{"start":{"line":27,"column":4},"end":{"line":32,"column":5}}],"line":27},"4":{"loc":{"start":{"line":37,"column":6},"end":{"line":52,"column":7}},"type":"if","locations":[{"start":{"line":37,"column":6},"end":{"line":52,"column":7}},{"start":{"line":37,"column":6},"end":{"line":52,"column":7}}],"line":37},"5":{"loc":{"start":{"line":63,"column":8},"end":{"line":65,"column":9}},"type":"if","locations":[{"start":{"line":63,"column":8},"end":{"line":65,"column":9}},{"start":{"line":63,"column":8},"end":{"line":65,"column":9}}],"line":63},"6":{"loc":{"start":{"line":67,"column":10},"end":{"line":92,"column":11}},"type":"if","locations":[{"start":{"line":67,"column":10},"end":{"line":92,"column":11}},{"start":{"line":67,"column":10},"end":{"line":92,"column":11}}],"line":67},"7":{"loc":{"start":{"line":68,"column":12},"end":{"line":91,"column":13}},"type":"if","locations":[{"start":{"line":68,"column":12},"end":{"line":91,"column":13}},{"start":{"line":68,"column":12},"end":{"line":91,"column":13}}],"line":68},"8":{"loc":{"start":{"line":78,"column":14},"end":{"line":80,"column":15}},"type":"if","locations":[{"start":{"line":78,"column":14},"end":{"line":80,"column":15}},{"start":{"line":78,"column":14},"end":{"line":80,"column":15}}],"line":78},"9":{"loc":{"start":{"line":78,"column":18},"end":{"line":78,"column":43}},"type":"binary-expr","locations":[{"start":{"line":78,"column":18},"end":{"line":78,"column":24}},{"start":{"line":78,"column":28},"end":{"line":78,"column":43}}],"line":78},"10":{"loc":{"start":{"line":88,"column":14},"end":{"line":90,"column":15}},"type":"if","locations":[{"start":{"line":88,"column":14},"end":{"line":90,"column":15}},{"start":{"line":88,"column":14},"end":{"line":90,"column":15}}],"line":88},"11":{"loc":{"start":{"line":88,"column":18},"end":{"line":88,"column":44}},"type":"binary-expr","locations":[{"start":{"line":88,"column":18},"end":{"line":88,"column":24}},{"start":{"line":88,"column":28},"end":{"line":88,"column":44}}],"line":88},"12":{"loc":{"start":{"line":107,"column":6},"end":{"line":120,"column":7}},"type":"if","locations":[{"start":{"line":107,"column":6},"end":{"line":120,"column":7}},{"start":{"line":107,"column":6},"end":{"line":120,"column":7}}],"line":107},"13":{"loc":{"start":{"line":108,"column":8},"end":{"line":109,"column":73}},"type":"binary-expr","locations":[{"start":{"line":108,"column":8},"end":{"line":108,"column":31}},{"start":{"line":109,"column":9},"end":{"line":109,"column":28}},{"start":{"line":109,"column":32},"end":{"line":109,"column":72}}],"line":108},"14":{"loc":{"start":{"line":130,"column":2},"end":{"line":134,"column":3}},"type":"if","locations":[{"start":{"line":130,"column":2},"end":{"line":134,"column":3}},{"start":{"line":130,"column":2},"end":{"line":134,"column":3}}],"line":130}},"s":{"0":0,"1":0,"2":0,"3":0,"4":0,"5":0,"6":0,"7":0,"8":0,"9":0,"10":0,"11":0,"12":0,"13":0,"14":0,"15":0,"16":0,"17":0,"18":0,"19":0,"20":0,"21":0,"22":0,"23":0,"24":0,"25":0,"26":0,"27":0,"28":0,"29":0,"30":0,"31":0,"32":0,"33":0,"34":0,"35":0,"36":0,"37":0},"f":{"0":0,"1":0,"2":0,"3":0,"4":0,"5":0,"6":0,"7":0,"8":0,"9":0,"10":0,"11":0,"12":0,"13":0,"14":0},"b":{"0":[0,0,0],"1":[0,0],"2":[0,0],"3":[0,0],"4":[0,0],"5":[0,0],"6":[0,0],"7":[0,0],"8":[0,0],"9":[0,0],"10":[0,0],"11":[0,0],"12":[0,0],"13":[0,0,0],"14":[0,0]}}
,"C:\\Users\\alej8\\Music\\Triddy\\src\\Components\\App.js": {"path":"C:\\Users\\alej8\\Music\\Triddy\\src\\Components\\App.js","statementMap":{"0":{"start":{"line":9,"column":23},"end":{"line":9,"column":64}},"1":{"start":{"line":13,"column":2},"end":{"line":22,"column":4}}},"fnMap":{"0":{"name":"(anonymous_0)","decl":{"start":{"line":12,"column":1},"end":{"line":12,"column":2}},"loc":{"start":{"line":12,"column":9},"end":{"line":23,"column":2}},"line":12}},"branchMap":{},"s":{"0":1,"1":1},"f":{"0":1},"b":{},"_coverageSchema":"1a1c01bbd47fc00a2c39e90264f33305004495a9","hash":"65a0f791b4f9976ec7b195d31b81b4dd66c70618"}
,"C:\\Users\\alej8\\Music\\Triddy\\src\\Components\\compose\\Compose.js": {"path":"C:\\Users\\alej8\\Music\\Triddy\\src\\Components\\compose\\Compose.js","statementMap":{"0":{"start":{"line":6,"column":19},"end":{"line":6,"column":20}},"1":{"start":{"line":10,"column":8},"end":{"line":10,"column":21}},"2":{"start":{"line":11,"column":2},"end":{"line":11,"column":26}},"3":{"start":{"line":12,"column":2},"end":{"line":12,"column":59}},"4":{"start":{"line":13,"column":2},"end":{"line":13,"column":47}},"5":{"start":{"line":16,"column":4},"end":{"line":30,"column":6}},"6":{"start":{"line":26,"column":86},"end":{"line":26,"column":103}},"7":{"start":{"line":34,"column":8},"end":{"line":36,"column":11}},"8":{"start":{"line":40,"column":2},"end":{"line":40,"column":53}},"9":{"start":{"line":41,"column":2},"end":{"line":43,"column":11}}},"fnMap":{"0":{"name":"(anonymous_0)","decl":{"start":{"line":9,"column":1},"end":{"line":9,"column":2}},"loc":{"start":{"line":9,"column":20},"end":{"line":14,"column":2}},"line":9},"1":{"name":"(anonymous_1)","decl":{"start":{"line":15,"column":1},"end":{"line":15,"column":2}},"loc":{"start":{"line":15,"column":9},"end":{"line":31,"column":2}},"line":15},"2":{"name":"(anonymous_2)","decl":{"start":{"line":26,"column":78},"end":{"line":26,"column":79}},"loc":{"start":{"line":26,"column":84},"end":{"line":26,"column":105}},"line":26},"3":{"name":"(anonymous_3)","decl":{"start":{"line":33,"column":1},"end":{"line":33,"column":2}},"loc":{"start":{"line":33,"column":21},"end":{"line":37,"column":5}},"line":33},"4":{"name":"(anonymous_4)","decl":{"start":{"line":39,"column":1},"end":{"line":39,"column":2}},"loc":{"start":{"line":39,"column":13},"end":{"line":44,"column":2}},"line":39}},"branchMap":{},"s":{"0":1,"1":1,"2":1,"3":1,"4":1,"5":1,"6":0,"7":0,"8":0,"9":0},"f":{"0":1,"1":1,"2":0,"3":0,"4":0},"b":{},"_coverageSchema":"1a1c01bbd47fc00a2c39e90264f33305004495a9","hash":"d11187c00c5fabb570e09c1e79ff93b7eab6b4a3"}
,"C:\\Users\\alej8\\Music\\Triddy\\src\\Components\\conversation\\Conversation.js": {"path":"C:\\Users\\alej8\\Music\\Triddy\\src\\Components\\conversation\\Conversation.js","statementMap":{"0":{"start":{"line":8,"column":2},"end":{"line":21,"column":3}},"1":{"start":{"line":9,"column":3},"end":{"line":13,"column":5}},"2":{"start":{"line":16,"column":3},"end":{"line":20,"column":5}}},"fnMap":{"0":{"name":"(anonymous_0)","decl":{"start":{"line":7,"column":1},"end":{"line":7,"column":2}},"loc":{"start":{"line":7,"column":9},"end":{"line":22,"column":2}},"line":7}},"branchMap":{"0":{"loc":{"start":{"line":8,"column":2},"end":{"line":21,"column":3}},"type":"if","locations":[{"start":{"line":8,"column":2},"end":{"line":21,"column":3}},{"start":{"line":8,"column":2},"end":{"line":21,"column":3}}],"line":8}},"s":{"0":1,"1":0,"2":1},"f":{"0":1},"b":{"0":[0,1]},"_coverageSchema":"1a1c01bbd47fc00a2c39e90264f33305004495a9","hash":"83f0176827d6dd11def0dd57fda4c18582423d56"}
,"C:\\Users\\alej8\\Music\\Triddy\\src\\Components\\conversationList\\ConversationList.js": {"path":"C:\\Users\\alej8\\Music\\Triddy\\src\\Components\\conversationList\\ConversationList.js","statementMap":{"0":{"start":{"line":10,"column":2},"end":{"line":10,"column":15}},"1":{"start":{"line":11,"column":2},"end":{"line":11,"column":48}},"2":{"start":{"line":15,"column":4},"end":{"line":28,"column":6}},"3":{"start":{"line":21,"column":12},"end":{"line":24,"column":14}}},"fnMap":{"0":{"name":"(anonymous_0)","decl":{"start":{"line":9,"column":1},"end":{"line":9,"column":2}},"loc":{"start":{"line":9,"column":20},"end":{"line":12,"column":2}},"line":9},"1":{"name":"(anonymous_1)","decl":{"start":{"line":14,"column":1},"end":{"line":14,"column":2}},"loc":{"start":{"line":14,"column":9},"end":{"line":29,"column":2}},"line":14},"2":{"name":"(anonymous_2)","decl":{"start":{"line":20,"column":39},"end":{"line":20,"column":40}},"loc":{"start":{"line":21,"column":12},"end":{"line":24,"column":14}},"line":21}},"branchMap":{},"s":{"0":1,"1":1,"2":1,"3":2},"f":{"0":1,"1":1,"2":2},"b":{},"_coverageSchema":"1a1c01bbd47fc00a2c39e90264f33305004495a9","hash":"e9b100427630430b5637487899511d1667b39308"}
,"C:\\Users\\alej8\\Music\\Triddy\\src\\Components\\conversationListItem\\ConversationListItem.js": {"path":"C:\\Users\\alej8\\Music\\Triddy\\src\\Components\\conversationListItem\\ConversationListItem.js","statementMap":{"0":{"start":{"line":6,"column":19},"end":{"line":6,"column":20}},"1":{"start":{"line":10,"column":2},"end":{"line":10,"column":15}},"2":{"start":{"line":11,"column":13},"end":{"line":11,"column":15}},"3":{"start":{"line":12,"column":16},"end":{"line":12,"column":74}},"4":{"start":{"line":13,"column":2},"end":{"line":18,"column":3}},"5":{"start":{"line":14,"column":3},"end":{"line":14,"column":28}},"6":{"start":{"line":17,"column":3},"end":{"line":17,"column":50}},"7":{"start":{"line":19,"column":2},"end":{"line":21,"column":17}},"8":{"start":{"line":22,"column":2},"end":{"line":22,"column":71}},"9":{"start":{"line":26,"column":3},"end":{"line":26,"column":38}},"10":{"start":{"line":30,"column":4},"end":{"line":38,"column":6}},"11":{"start":{"line":31,"column":63},"end":{"line":31,"column":92}},"12":{"start":{"line":42,"column":16},"end":{"line":43,"column":42}},"13":{"start":{"line":44,"column":2},"end":{"line":45,"column":33}}},"fnMap":{"0":{"name":"(anonymous_0)","decl":{"start":{"line":9,"column":1},"end":{"line":9,"column":2}},"loc":{"start":{"line":9,"column":20},"end":{"line":23,"column":2}},"line":9},"1":{"name":"(anonymous_1)","decl":{"start":{"line":25,"column":1},"end":{"line":25,"column":2}},"loc":{"start":{"line":25,"column":21},"end":{"line":27,"column":2}},"line":25},"2":{"name":"(anonymous_2)","decl":{"start":{"line":29,"column":1},"end":{"line":29,"column":2}},"loc":{"start":{"line":29,"column":9},"end":{"line":39,"column":2}},"line":29},"3":{"name":"(anonymous_3)","decl":{"start":{"line":31,"column":55},"end":{"line":31,"column":56}},"loc":{"start":{"line":31,"column":61},"end":{"line":31,"column":94}},"line":31},"4":{"name":"(anonymous_4)","decl":{"start":{"line":41,"column":1},"end":{"line":41,"column":2}},"loc":{"start":{"line":41,"column":25},"end":{"line":47,"column":2}},"line":41}},"branchMap":{"0":{"loc":{"start":{"line":13,"column":2},"end":{"line":18,"column":3}},"type":"if","locations":[{"start":{"line":13,"column":2},"end":{"line":18,"column":3}},{"start":{"line":13,"column":2},"end":{"line":18,"column":3}}],"line":13}},"s":{"0":1,"1":2,"2":2,"3":2,"4":2,"5":0,"6":2,"7":2,"8":2,"9":2,"10":2,"11":0,"12":0,"13":0},"f":{"0":2,"1":2,"2":2,"3":0,"4":0},"b":{"0":[0,2]},"_coverageSchema":"1a1c01bbd47fc00a2c39e90264f33305004495a9","hash":"d36d9ec5b456e303556e2c319cc8c728329585fe"}
,"C:\\Users\\alej8\\Music\\Triddy\\src\\Components\\conversationSearch\\ConversationSearch.js": {"path":"C:\\Users\\alej8\\Music\\Triddy\\src\\Components\\conversationSearch\\ConversationSearch.js","statementMap":{"0":{"start":{"line":6,"column":4},"end":{"line":14,"column":6}}},"fnMap":{"0":{"name":"(anonymous_0)","decl":{"start":{"line":5,"column":1},"end":{"line":5,"column":2}},"loc":{"start":{"line":5,"column":9},"end":{"line":15,"column":2}},"line":5}},"branchMap":{},"s":{"0":1},"f":{"0":1},"b":{},"_coverageSchema":"1a1c01bbd47fc00a2c39e90264f33305004495a9","hash":"ff631f637b3f4223b23869394eff18cea4a6ee26"}
,"C:\\Users\\alej8\\Music\\Triddy\\src\\Components\\data\\data.js": {"path":"C:\\Users\\alej8\\Music\\Triddy\\src\\Components\\data\\data.js","statementMap":{"0":{"start":{"line":2,"column":14},"end":{"line":62,"column":5}},"1":{"start":{"line":64,"column":14},"end":{"line":100,"column":11}},"2":{"start":{"line":103,"column":22},"end":{"line":103,"column":36}},"3":{"start":{"line":108,"column":14},"end":{"line":109,"column":135}},"4":{"start":{"line":110,"column":14},"end":{"line":111,"column":135}},"5":{"start":{"line":112,"column":24},"end":{"line":112,"column":38}}},"fnMap":{},"branchMap":{},"s":{"0":1,"1":1,"2":1,"3":1,"4":1,"5":1},"f":{},"b":{},"_coverageSchema":"1a1c01bbd47fc00a2c39e90264f33305004495a9","hash":"d538c823cd0bebeb5d7ca2cd7b3bf986fbe6e3e1"}
,"C:\\Users\\alej8\\Music\\Triddy\\src\\Components\\formularioCalificacion\\FormularioCalificacion.js": {"path":"C:\\Users\\alej8\\Music\\Triddy\\src\\Components\\formularioCalificacion\\FormularioCalificacion.js","statementMap":{"0":{"start":{"line":11,"column":23},"end":{"line":17,"column":3}},"1":{"start":{"line":19,"column":24},"end":{"line":25,"column":3}},"2":{"start":{"line":29,"column":8},"end":{"line":29,"column":21}},"3":{"start":{"line":30,"column":8},"end":{"line":34,"column":45}},"4":{"start":{"line":35,"column":8},"end":{"line":35,"column":85}},"5":{"start":{"line":36,"column":8},"end":{"line":36,"column":103}},"6":{"start":{"line":37,"column":8},"end":{"line":37,"column":93}},"7":{"start":{"line":38,"column":8},"end":{"line":38,"column":101}},"8":{"start":{"line":39,"column":8},"end":{"line":39,"column":97}},"9":{"start":{"line":40,"column":8},"end":{"line":40,"column":57}},"10":{"start":{"line":44,"column":8},"end":{"line":48,"column":11}},"11":{"start":{"line":52,"column":8},"end":{"line":56,"column":11}},"12":{"start":{"line":60,"column":8},"end":{"line":62,"column":11}},"13":{"start":{"line":66,"column":8},"end":{"line":70,"column":11}},"14":{"start":{"line":74,"column":8},"end":{"line":76,"column":11}},"15":{"start":{"line":80,"column":26},"end":{"line":84,"column":84}},"16":{"start":{"line":86,"column":8},"end":{"line":86,"column":32}},"17":{"start":{"line":91,"column":8},"end":{"line":179,"column":9}}},"fnMap":{"0":{"name":"(anonymous_0)","decl":{"start":{"line":28,"column":4},"end":{"line":28,"column":5}},"loc":{"start":{"line":28,"column":22},"end":{"line":41,"column":5}},"line":28},"1":{"name":"(anonymous_1)","decl":{"start":{"line":43,"column":4},"end":{"line":43,"column":5}},"loc":{"start":{"line":43,"column":33},"end":{"line":49,"column":5}},"line":43},"2":{"name":"(anonymous_2)","decl":{"start":{"line":51,"column":4},"end":{"line":51,"column":5}},"loc":{"start":{"line":51,"column":42},"end":{"line":57,"column":5}},"line":51},"3":{"name":"(anonymous_3)","decl":{"start":{"line":59,"column":4},"end":{"line":59,"column":5}},"loc":{"start":{"line":59,"column":37},"end":{"line":63,"column":5}},"line":59},"4":{"name":"(anonymous_4)","decl":{"start":{"line":65,"column":4},"end":{"line":65,"column":5}},"loc":{"start":{"line":65,"column":41},"end":{"line":71,"column":5}},"line":65},"5":{"name":"(anonymous_5)","decl":{"start":{"line":73,"column":4},"end":{"line":73,"column":5}},"loc":{"start":{"line":73,"column":39},"end":{"line":77,"column":5}},"line":73},"6":{"name":"(anonymous_6)","decl":{"start":{"line":79,"column":4},"end":{"line":79,"column":5}},"loc":{"start":{"line":79,"column":18},"end":{"line":87,"column":5}},"line":79},"7":{"name":"(anonymous_7)","decl":{"start":{"line":90,"column":4},"end":{"line":90,"column":5}},"loc":{"start":{"line":90,"column":12},"end":{"line":180,"column":5}},"line":90}},"branchMap":{},"s":{"0":1,"1":1,"2":1,"3":1,"4":1,"5":1,"6":1,"7":1,"8":1,"9":1,"10":0,"11":0,"12":0,"13":0,"14":0,"15":0,"16":0,"17":1},"f":{"0":1,"1":0,"2":0,"3":0,"4":0,"5":0,"6":0,"7":1},"b":{},"_coverageSchema":"1a1c01bbd47fc00a2c39e90264f33305004495a9","hash":"5b3cb729f4ca5f41814a6a233690acd9071307e4"}
,"C:\\Users\\alej8\\Music\\Triddy\\src\\Components\\itemRentado\\ItemRentado.js": {"path":"C:\\Users\\alej8\\Music\\Triddy\\src\\Components\\itemRentado\\ItemRentado.js","statementMap":{"0":{"start":{"line":18,"column":8},"end":{"line":18,"column":21}},"1":{"start":{"line":19,"column":8},"end":{"line":25,"column":21}},"2":{"start":{"line":26,"column":8},"end":{"line":26,"column":45}},"3":{"start":{"line":27,"column":8},"end":{"line":27,"column":61}},"4":{"start":{"line":31,"column":8},"end":{"line":33,"column":12}},"5":{"start":{"line":31,"column":36},"end":{"line":33,"column":9}},"6":{"start":{"line":37,"column":8},"end":{"line":92,"column":6}},"7":{"start":{"line":69,"column":37},"end":{"line":69,"column":58}}},"fnMap":{"0":{"name":"(anonymous_0)","decl":{"start":{"line":17,"column":4},"end":{"line":17,"column":5}},"loc":{"start":{"line":17,"column":22},"end":{"line":28,"column":5}},"line":17},"1":{"name":"(anonymous_1)","decl":{"start":{"line":30,"column":4},"end":{"line":30,"column":5}},"loc":{"start":{"line":30,"column":20},"end":{"line":34,"column":5}},"line":30},"2":{"name":"(anonymous_2)","decl":{"start":{"line":31,"column":22},"end":{"line":31,"column":23}},"loc":{"start":{"line":31,"column":36},"end":{"line":33,"column":9}},"line":31},"3":{"name":"(anonymous_3)","decl":{"start":{"line":36,"column":4},"end":{"line":36,"column":5}},"loc":{"start":{"line":36,"column":12},"end":{"line":93,"column":5}},"line":36},"4":{"name":"(anonymous_4)","decl":{"start":{"line":69,"column":29},"end":{"line":69,"column":30}},"loc":{"start":{"line":69,"column":35},"end":{"line":69,"column":59}},"line":69}},"branchMap":{"0":{"loc":{"start":{"line":50,"column":18},"end":{"line":61,"column":29}},"type":"cond-expr","locations":[{"start":{"line":51,"column":16},"end":{"line":58,"column":22}},{"start":{"line":59,"column":18},"end":{"line":61,"column":29}}],"line":50},"1":{"loc":{"start":{"line":77,"column":57},"end":{"line":77,"column":99}},"type":"cond-expr","locations":[{"start":{"line":77,"column":79},"end":{"line":77,"column":87}},{"start":{"line":77,"column":90},"end":{"line":77,"column":99}}],"line":77}},"s":{"0":1,"1":1,"2":1,"3":1,"4":0,"5":0,"6":1,"7":0},"f":{"0":1,"1":0,"2":0,"3":1,"4":0},"b":{"0":[1,0],"1":[0,1]},"_coverageSchema":"1a1c01bbd47fc00a2c39e90264f33305004495a9","hash":"837c0e27e0a2c2ac2d0075c7d17daaa617551f7b"}
,"C:\\Users\\alej8\\Music\\Triddy\\src\\Components\\itemsRentados\\ItemsRentados.js": {"path":"C:\\Users\\alej8\\Music\\Triddy\\src\\Components\\itemsRentados\\ItemsRentados.js","statementMap":{"0":{"start":{"line":12,"column":8},"end":{"line":12,"column":21}},"1":{"start":{"line":13,"column":8},"end":{"line":13,"column":62}},"2":{"start":{"line":14,"column":8},"end":{"line":14,"column":71}},"3":{"start":{"line":18,"column":8},"end":{"line":20,"column":10}},"4":{"start":{"line":26,"column":8},"end":{"line":53,"column":9}},"5":{"start":{"line":27,"column":12},"end":{"line":32,"column":15}},"6":{"start":{"line":28,"column":16},"end":{"line":31,"column":18}},"7":{"start":{"line":34,"column":13},"end":{"line":53,"column":9}},"8":{"start":{"line":35,"column":12},"end":{"line":42,"column":15}},"9":{"start":{"line":36,"column":16},"end":{"line":41,"column":17}},"10":{"start":{"line":37,"column":16},"end":{"line":40,"column":18}},"11":{"start":{"line":45,"column":12},"end":{"line":52,"column":15}},"12":{"start":{"line":46,"column":16},"end":{"line":51,"column":17}},"13":{"start":{"line":47,"column":16},"end":{"line":50,"column":18}},"14":{"start":{"line":55,"column":8},"end":{"line":77,"column":10}}},"fnMap":{"0":{"name":"(anonymous_0)","decl":{"start":{"line":11,"column":4},"end":{"line":11,"column":5}},"loc":{"start":{"line":11,"column":22},"end":{"line":15,"column":5}},"line":11},"1":{"name":"(anonymous_1)","decl":{"start":{"line":17,"column":4},"end":{"line":17,"column":5}},"loc":{"start":{"line":17,"column":26},"end":{"line":21,"column":5}},"line":17},"2":{"name":"(anonymous_2)","decl":{"start":{"line":24,"column":4},"end":{"line":24,"column":5}},"loc":{"start":{"line":24,"column":13},"end":{"line":80,"column":5}},"line":24},"3":{"name":"(anonymous_3)","decl":{"start":{"line":27,"column":48},"end":{"line":27,"column":49}},"loc":{"start":{"line":27,"column":61},"end":{"line":32,"column":13}},"line":27},"4":{"name":"(anonymous_4)","decl":{"start":{"line":35,"column":48},"end":{"line":35,"column":49}},"loc":{"start":{"line":35,"column":61},"end":{"line":42,"column":13}},"line":35},"5":{"name":"(anonymous_5)","decl":{"start":{"line":45,"column":48},"end":{"line":45,"column":49}},"loc":{"start":{"line":45,"column":61},"end":{"line":52,"column":13}},"line":45}},"branchMap":{"0":{"loc":{"start":{"line":26,"column":8},"end":{"line":53,"column":9}},"type":"if","locations":[{"start":{"line":26,"column":8},"end":{"line":53,"column":9}},{"start":{"line":26,"column":8},"end":{"line":53,"column":9}}],"line":26},"1":{"loc":{"start":{"line":34,"column":13},"end":{"line":53,"column":9}},"type":"if","locations":[{"start":{"line":34,"column":13},"end":{"line":53,"column":9}},{"start":{"line":34,"column":13},"end":{"line":53,"column":9}}],"line":34},"2":{"loc":{"start":{"line":36,"column":16},"end":{"line":41,"column":17}},"type":"if","locations":[{"start":{"line":36,"column":16},"end":{"line":41,"column":17}},{"start":{"line":36,"column":16},"end":{"line":41,"column":17}}],"line":36},"3":{"loc":{"start":{"line":46,"column":16},"end":{"line":51,"column":17}},"type":"if","locations":[{"start":{"line":46,"column":16},"end":{"line":51,"column":17}},{"start":{"line":46,"column":16},"end":{"line":51,"column":17}}],"line":46}},"s":{"0":1,"1":1,"2":1,"3":0,"4":1,"5":0,"6":0,"7":1,"8":1,"9":2,"10":1,"11":0,"12":0,"13":0,"14":1},"f":{"0":1,"1":0,"2":1,"3":0,"4":2,"5":0},"b":{"0":[0,1],"1":[1,0],"2":[1,1],"3":[0,0]},"_coverageSchema":"1a1c01bbd47fc00a2c39e90264f33305004495a9","hash":"e809d0724691c0b87dc8ee6e3a33402f7afca873"}
,"C:\\Users\\alej8\\Music\\Triddy\\src\\Components\\message\\Message.js": {"path":"C:\\Users\\alej8\\Music\\Triddy\\src\\Components\\message\\Message.js","statementMap":{"0":{"start":{"line":8,"column":4},"end":{"line":28,"column":6}}},"fnMap":{"0":{"name":"(anonymous_0)","decl":{"start":{"line":7,"column":1},"end":{"line":7,"column":2}},"loc":{"start":{"line":7,"column":9},"end":{"line":29,"column":2}},"line":7}},"branchMap":{"0":{"loc":{"start":{"line":11,"column":11},"end":{"line":11,"column":42}},"type":"cond-expr","locations":[{"start":{"line":11,"column":31},"end":{"line":11,"column":37}},{"start":{"line":11,"column":40},"end":{"line":11,"column":42}}],"line":11},"1":{"loc":{"start":{"line":12,"column":11},"end":{"line":12,"column":51}},"type":"cond-expr","locations":[{"start":{"line":12,"column":39},"end":{"line":12,"column":46}},{"start":{"line":12,"column":49},"end":{"line":12,"column":51}}],"line":12},"2":{"loc":{"start":{"line":13,"column":11},"end":{"line":13,"column":47}},"type":"cond-expr","locations":[{"start":{"line":13,"column":37},"end":{"line":13,"column":42}},{"start":{"line":13,"column":45},"end":{"line":13,"column":47}}],"line":13},"3":{"loc":{"start":{"line":16,"column":10},"end":{"line":19,"column":18}},"type":"binary-expr","locations":[{"start":{"line":16,"column":10},"end":{"line":16,"column":34}},{"start":{"line":17,"column":12},"end":{"line":19,"column":18}}],"line":16}},"s":{"0":10},"f":{"0":10},"b":{"0":[5,5],"1":[6,4],"2":[6,4],"3":[10,2]},"_coverageSchema":"1a1c01bbd47fc00a2c39e90264f33305004495a9","hash":"b1260f27e9809efcec5dea948751cb882e97d070"}
,"C:\\Users\\alej8\\Music\\Triddy\\src\\Components\\messageList\\MessageList.js": {"path":"C:\\Users\\alej8\\Music\\Triddy\\src\\Components\\messageList\\MessageList.js","statementMap":{"0":{"start":{"line":10,"column":19},"end":{"line":10,"column":20}},"1":{"start":{"line":15,"column":2},"end":{"line":15,"column":15}},"2":{"start":{"line":16,"column":2},"end":{"line":16,"column":76}},"3":{"start":{"line":17,"column":2},"end":{"line":17,"column":55}},"4":{"start":{"line":18,"column":2},"end":{"line":18,"column":47}},"5":{"start":{"line":19,"column":2},"end":{"line":19,"column":53}},"6":{"start":{"line":23,"column":25},"end":{"line":23,"column":30}},"7":{"start":{"line":24,"column":25},"end":{"line":24,"column":30}},"8":{"start":{"line":25,"column":23},"end":{"line":25,"column":27}},"9":{"start":{"line":26,"column":21},"end":{"line":26,"column":25}},"10":{"start":{"line":27,"column":22},"end":{"line":27,"column":26}},"11":{"start":{"line":28,"column":2},"end":{"line":39,"column":3}},"12":{"start":{"line":29,"column":24},"end":{"line":29,"column":50}},"13":{"start":{"line":30,"column":26},"end":{"line":30,"column":77}},"14":{"start":{"line":31,"column":3},"end":{"line":31,"column":57}},"15":{"start":{"line":32,"column":3},"end":{"line":34,"column":4}},"16":{"start":{"line":33,"column":4},"end":{"line":33,"column":27}},"17":{"start":{"line":36,"column":5},"end":{"line":38,"column":4}},"18":{"start":{"line":37,"column":4},"end":{"line":37,"column":26}},"19":{"start":{"line":40,"column":2},"end":{"line":47,"column":3}},"20":{"start":{"line":41,"column":20},"end":{"line":41,"column":42}},"21":{"start":{"line":42,"column":22},"end":{"line":42,"column":69}},"22":{"start":{"line":43,"column":3},"end":{"line":43,"column":53}},"23":{"start":{"line":44,"column":3},"end":{"line":46,"column":4}},"24":{"start":{"line":45,"column":5},"end":{"line":45,"column":26}},"25":{"start":{"line":48,"column":2},"end":{"line":55,"column":10}},"26":{"start":{"line":59,"column":10},"end":{"line":59,"column":11}},"27":{"start":{"line":60,"column":21},"end":{"line":60,"column":47}},"28":{"start":{"line":61,"column":21},"end":{"line":61,"column":23}},"29":{"start":{"line":63,"column":2},"end":{"line":72,"column":3}},"30":{"start":{"line":64,"column":18},"end":{"line":64,"column":44}},"31":{"start":{"line":65,"column":17},"end":{"line":65,"column":39}},"32":{"start":{"line":66,"column":14},"end":{"line":66,"column":40}},"33":{"start":{"line":67,"column":16},"end":{"line":67,"column":45}},"34":{"start":{"line":68,"column":23},"end":{"line":68,"column":48}},"35":{"start":{"line":69,"column":20},"end":{"line":69,"column":89}},"36":{"start":{"line":70,"column":3},"end":{"line":70,"column":33}},"37":{"start":{"line":71,"column":3},"end":{"line":71,"column":10}},"38":{"start":{"line":74,"column":2},"end":{"line":74,"column":22}},"39":{"start":{"line":78,"column":4},"end":{"line":91,"column":6}},"40":{"start":{"line":94,"column":2},"end":{"line":95,"column":19}},"41":{"start":{"line":95,"column":12},"end":{"line":95,"column":19}},"42":{"start":{"line":96,"column":16},"end":{"line":96,"column":46}},"43":{"start":{"line":97,"column":17},"end":{"line":100,"column":38}},"44":{"start":{"line":101,"column":2},"end":{"line":103,"column":12}},"45":{"start":{"line":101,"column":30},"end":{"line":103,"column":9}}},"fnMap":{"0":{"name":"(anonymous_0)","decl":{"start":{"line":14,"column":1},"end":{"line":14,"column":2}},"loc":{"start":{"line":14,"column":20},"end":{"line":20,"column":2}},"line":14},"1":{"name":"(anonymous_1)","decl":{"start":{"line":22,"column":1},"end":{"line":22,"column":2}},"loc":{"start":{"line":22,"column":65},"end":{"line":56,"column":2}},"line":22},"2":{"name":"(anonymous_2)","decl":{"start":{"line":58,"column":1},"end":{"line":58,"column":2}},"loc":{"start":{"line":58,"column":19},"end":{"line":75,"column":2}},"line":58},"3":{"name":"(anonymous_3)","decl":{"start":{"line":77,"column":1},"end":{"line":77,"column":2}},"loc":{"start":{"line":77,"column":9},"end":{"line":92,"column":2}},"line":77},"4":{"name":"(anonymous_4)","decl":{"start":{"line":93,"column":1},"end":{"line":93,"column":2}},"loc":{"start":{"line":93,"column":22},"end":{"line":105,"column":2}},"line":93},"5":{"name":"(anonymous_5)","decl":{"start":{"line":101,"column":16},"end":{"line":101,"column":17}},"loc":{"start":{"line":101,"column":30},"end":{"line":103,"column":9}},"line":101}},"branchMap":{"0":{"loc":{"start":{"line":28,"column":2},"end":{"line":39,"column":3}},"type":"if","locations":[{"start":{"line":28,"column":2},"end":{"line":39,"column":3}},{"start":{"line":28,"column":2},"end":{"line":39,"column":3}}],"line":28},"1":{"loc":{"start":{"line":32,"column":3},"end":{"line":34,"column":4}},"type":"if","locations":[{"start":{"line":32,"column":3},"end":{"line":34,"column":4}},{"start":{"line":32,"column":3},"end":{"line":34,"column":4}}],"line":32},"2":{"loc":{"start":{"line":32,"column":7},"end":{"line":32,"column":59}},"type":"binary-expr","locations":[{"start":{"line":32,"column":7},"end":{"line":32,"column":23}},{"start":{"line":32,"column":27},"end":{"line":32,"column":59}}],"line":32},"3":{"loc":{"start":{"line":36,"column":5},"end":{"line":38,"column":4}},"type":"if","locations":[{"start":{"line":36,"column":5},"end":{"line":38,"column":4}},{"start":{"line":36,"column":5},"end":{"line":38,"column":4}}],"line":36},"4":{"loc":{"start":{"line":40,"column":2},"end":{"line":47,"column":3}},"type":"if","locations":[{"start":{"line":40,"column":2},"end":{"line":47,"column":3}},{"start":{"line":40,"column":2},"end":{"line":47,"column":3}}],"line":40},"5":{"loc":{"start":{"line":44,"column":3},"end":{"line":46,"column":4}},"type":"if","locations":[{"start":{"line":44,"column":3},"end":{"line":46,"column":4}},{"start":{"line":44,"column":3},"end":{"line":46,"column":4}}],"line":44},"6":{"loc":{"start":{"line":44,"column":7},"end":{"line":44,"column":55}},"type":"binary-expr","locations":[{"start":{"line":44,"column":7},"end":{"line":44,"column":23}},{"start":{"line":44,"column":27},"end":{"line":44,"column":55}}],"line":44},"7":{"loc":{"start":{"line":94,"column":2},"end":{"line":95,"column":19}},"type":"if","locations":[{"start":{"line":94,"column":2},"end":{"line":95,"column":19}},{"start":{"line":94,"column":2},"end":{"line":95,"column":19}}],"line":94}},"s":{"0":1,"1":1,"2":1,"3":1,"4":1,"5":1,"6":10,"7":10,"8":10,"9":10,"10":10,"11":10,"12":9,"13":9,"14":9,"15":9,"16":4,"17":9,"18":8,"19":10,"20":9,"21":9,"22":9,"23":9,"24":4,"25":10,"26":1,"27":1,"28":1,"29":1,"30":10,"31":10,"32":10,"33":10,"34":10,"35":10,"36":10,"37":10,"38":1,"39":1,"40":0,"41":0,"42":0,"43":0,"44":0,"45":0},"f":{"0":1,"1":10,"2":1,"3":1,"4":0,"5":0},"b":{"0":[9,1],"1":[4,5],"2":[9,4],"3":[8,1],"4":[9,1],"5":[4,5],"6":[9,4],"7":[0,0]},"_coverageSchema":"1a1c01bbd47fc00a2c39e90264f33305004495a9","hash":"301388144f2c4a28aed075dd12aea9fb6d9b6801"}
,"C:\\Users\\alej8\\Music\\Triddy\\src\\Components\\toolBar\\ToolBar.js": {"path":"C:\\Users\\alej8\\Music\\Triddy\\src\\Components\\toolBar\\ToolBar.js","statementMap":{"0":{"start":{"line":9,"column":2},"end":{"line":9,"column":15}},"1":{"start":{"line":10,"column":2},"end":{"line":10,"column":47}},"2":{"start":{"line":13,"column":2},"end":{"line":32,"column":3}},"3":{"start":{"line":14,"column":3},"end":{"line":18,"column":5}},"4":{"start":{"line":21,"column":3},"end":{"line":31,"column":5}},"5":{"start":{"line":24,"column":83},"end":{"line":24,"column":100}},"6":{"start":{"line":36,"column":2},"end":{"line":36,"column":46}}},"fnMap":{"0":{"name":"(anonymous_0)","decl":{"start":{"line":8,"column":4},"end":{"line":8,"column":5}},"loc":{"start":{"line":8,"column":22},"end":{"line":11,"column":2}},"line":8},"1":{"name":"(anonymous_1)","decl":{"start":{"line":12,"column":1},"end":{"line":12,"column":2}},"loc":{"start":{"line":12,"column":9},"end":{"line":33,"column":2}},"line":12},"2":{"name":"(anonymous_2)","decl":{"start":{"line":24,"column":75},"end":{"line":24,"column":76}},"loc":{"start":{"line":24,"column":81},"end":{"line":24,"column":102}},"line":24},"3":{"name":"(anonymous_3)","decl":{"start":{"line":35,"column":1},"end":{"line":35,"column":2}},"loc":{"start":{"line":35,"column":13},"end":{"line":37,"column":2}},"line":35}},"branchMap":{"0":{"loc":{"start":{"line":13,"column":2},"end":{"line":32,"column":3}},"type":"if","locations":[{"start":{"line":13,"column":2},"end":{"line":32,"column":3}},{"start":{"line":13,"column":2},"end":{"line":32,"column":3}}],"line":13}},"s":{"0":4,"1":4,"2":4,"3":3,"4":1,"5":0,"6":0},"f":{"0":4,"1":4,"2":0,"3":0},"b":{"0":[3,1]},"_coverageSchema":"1a1c01bbd47fc00a2c39e90264f33305004495a9","hash":"855c5c949508cc665f600068d4523d3b6dfd24b4"}
}
