{"C:\\Users\\user\\Documents\\GitHub\\Triddy\\src\\App.js": {"path":"C:\\Users\\user\\Documents\\GitHub\\Triddy\\src\\App.js","statementMap":{"0":{"start":{"line":6,"column":2},"end":{"line":13,"column":4}}},"fnMap":{"0":{"name":"App","decl":{"start":{"line":5,"column":9},"end":{"line":5,"column":12}},"loc":{"start":{"line":5,"column":15},"end":{"line":14,"column":1}},"line":5}},"branchMap":{},"s":{"0":0},"f":{"0":0},"b":{},"_coverageSchema":"1a1c01bbd47fc00a2c39e90264f33305004495a9","hash":"75791fc4cdb5f03baad43033b8db1abafc704630"}
,"C:\\Users\\user\\Documents\\GitHub\\Triddy\\src\\index.js": {"path":"C:\\Users\\user\\Documents\\GitHub\\Triddy\\src\\index.js","statementMap":{"0":{"start":{"line":8,"column":0},"end":{"line":13,"column":2}},"1":{"start":{"line":18,"column":0},"end":{"line":18,"column":18}}},"fnMap":{},"branchMap":{},"s":{"0":0,"1":0},"f":{},"b":{}}
,"C:\\Users\\user\\Documents\\GitHub\\Triddy\\src\\reportWebVitals.js": {"path":"C:\\Users\\user\\Documents\\GitHub\\Triddy\\src\\reportWebVitals.js","statementMap":{"0":{"start":{"line":1,"column":24},"end":{"line":11,"column":1}},"1":{"start":{"line":2,"column":2},"end":{"line":10,"column":3}},"2":{"start":{"line":3,"column":4},"end":{"line":9,"column":7}},"3":{"start":{"line":4,"column":6},"end":{"line":4,"column":26}},"4":{"start":{"line":5,"column":6},"end":{"line":5,"column":26}},"5":{"start":{"line":6,"column":6},"end":{"line":6,"column":26}},"6":{"start":{"line":7,"column":6},"end":{"line":7,"column":26}},"7":{"start":{"line":8,"column":6},"end":{"line":8,"column":27}}},"fnMap":{"0":{"name":"(anonymous_0)","decl":{"start":{"line":1,"column":24},"end":{"line":1,"column":25}},"loc":{"start":{"line":1,"column":39},"end":{"line":11,"column":1}},"line":1},"1":{"name":"(anonymous_1)","decl":{"start":{"line":3,"column":30},"end":{"line":3,"column":31}},"loc":{"start":{"line":3,"column":79},"end":{"line":9,"column":5}},"line":3}},"branchMap":{"0":{"loc":{"start":{"line":2,"column":2},"end":{"line":10,"column":3}},"type":"if","locations":[{"start":{"line":2,"column":2},"end":{"line":10,"column":3}},{"start":{"line":2,"column":2},"end":{"line":10,"column":3}}],"line":2},"1":{"loc":{"start":{"line":2,"column":6},"end":{"line":2,"column":52}},"type":"binary-expr","locations":[{"start":{"line":2,"column":6},"end":{"line":2,"column":17}},{"start":{"line":2,"column":21},"end":{"line":2,"column":52}}],"line":2}},"s":{"0":0,"1":0,"2":0,"3":0,"4":0,"5":0,"6":0,"7":0},"f":{"0":0,"1":0},"b":{"0":[0,0],"1":[0,0]}}
,"C:\\Users\\user\\Documents\\GitHub\\Triddy\\src\\serviceWorker.js": {"path":"C:\\Users\\user\\Documents\\GitHub\\Triddy\\src\\serviceWorker.js","statementMap":{"0":{"start":{"line":13,"column":20},"end":{"line":21,"column":1}},"1":{"start":{"line":24,"column":2},"end":{"line":54,"column":3}},"2":{"start":{"line":26,"column":22},"end":{"line":26,"column":75}},"3":{"start":{"line":27,"column":4},"end":{"line":32,"column":5}},"4":{"start":{"line":31,"column":6},"end":{"line":31,"column":13}},"5":{"start":{"line":34,"column":4},"end":{"line":53,"column":7}},"6":{"start":{"line":35,"column":20},"end":{"line":35,"column":65}},"7":{"start":{"line":37,"column":6},"end":{"line":52,"column":7}},"8":{"start":{"line":39,"column":8},"end":{"line":39,"column":47}},"9":{"start":{"line":43,"column":8},"end":{"line":48,"column":11}},"10":{"start":{"line":44,"column":10},"end":{"line":47,"column":12}},"11":{"start":{"line":51,"column":8},"end":{"line":51,"column":39}},"12":{"start":{"line":58,"column":2},"end":{"line":98,"column":7}},"13":{"start":{"line":61,"column":6},"end":{"line":94,"column":8}},"14":{"start":{"line":62,"column":33},"end":{"line":62,"column":56}},"15":{"start":{"line":63,"column":8},"end":{"line":65,"column":9}},"16":{"start":{"line":64,"column":10},"end":{"line":64,"column":17}},"17":{"start":{"line":66,"column":8},"end":{"line":93,"column":10}},"18":{"start":{"line":67,"column":10},"end":{"line":92,"column":11}},"19":{"start":{"line":68,"column":12},"end":{"line":91,"column":13}},"20":{"start":{"line":72,"column":14},"end":{"line":75,"column":16}},"21":{"start":{"line":78,"column":14},"end":{"line":80,"column":15}},"22":{"start":{"line":79,"column":16},"end":{"line":79,"column":46}},"23":{"start":{"line":85,"column":14},"end":{"line":85,"column":64}},"24":{"start":{"line":88,"column":14},"end":{"line":90,"column":15}},"25":{"start":{"line":89,"column":16},"end":{"line":89,"column":47}},"26":{"start":{"line":97,"column":6},"end":{"line":97,"column":72}},"27":{"start":{"line":103,"column":2},"end":{"line":126,"column":7}},"28":{"start":{"line":106,"column":26},"end":{"line":106,"column":62}},"29":{"start":{"line":107,"column":6},"end":{"line":120,"column":7}},"30":{"start":{"line":112,"column":8},"end":{"line":116,"column":11}},"31":{"start":{"line":113,"column":10},"end":{"line":115,"column":13}},"32":{"start":{"line":114,"column":12},"end":{"line":114,"column":37}},"33":{"start":{"line":119,"column":8},"end":{"line":119,"column":39}},"34":{"start":{"line":123,"column":6},"end":{"line":125,"column":8}},"35":{"start":{"line":130,"column":2},"end":{"line":134,"column":3}},"36":{"start":{"line":131,"column":4},"end":{"line":133,"column":7}},"37":{"start":{"line":132,"column":6},"end":{"line":132,"column":32}}},"fnMap":{"0":{"name":"register","decl":{"start":{"line":23,"column":16},"end":{"line":23,"column":24}},"loc":{"start":{"line":23,"column":33},"end":{"line":55,"column":1}},"line":23},"1":{"name":"(anonymous_1)","decl":{"start":{"line":34,"column":36},"end":{"line":34,"column":37}},"loc":{"start":{"line":34,"column":42},"end":{"line":53,"column":5}},"line":34},"2":{"name":"(anonymous_2)","decl":{"start":{"line":43,"column":43},"end":{"line":43,"column":44}},"loc":{"start":{"line":43,"column":49},"end":{"line":48,"column":9}},"line":43},"3":{"name":"registerValidSW","decl":{"start":{"line":57,"column":9},"end":{"line":57,"column":24}},"loc":{"start":{"line":57,"column":40},"end":{"line":99,"column":1}},"line":57},"4":{"name":"(anonymous_4)","decl":{"start":{"line":60,"column":10},"end":{"line":60,"column":11}},"loc":{"start":{"line":60,"column":26},"end":{"line":95,"column":5}},"line":60},"5":{"name":"(anonymous_5)","decl":{"start":{"line":61,"column":35},"end":{"line":61,"column":36}},"loc":{"start":{"line":61,"column":41},"end":{"line":94,"column":7}},"line":61},"6":{"name":"(anonymous_6)","decl":{"start":{"line":66,"column":41},"end":{"line":66,"column":42}},"loc":{"start":{"line":66,"column":47},"end":{"line":93,"column":9}},"line":66},"7":{"name":"(anonymous_7)","decl":{"start":{"line":96,"column":11},"end":{"line":96,"column":12}},"loc":{"start":{"line":96,"column":20},"end":{"line":98,"column":5}},"line":96},"8":{"name":"checkValidServiceWorker","decl":{"start":{"line":101,"column":9},"end":{"line":101,"column":32}},"loc":{"start":{"line":101,"column":48},"end":{"line":127,"column":1}},"line":101},"9":{"name":"(anonymous_9)","decl":{"start":{"line":104,"column":10},"end":{"line":104,"column":11}},"loc":{"start":{"line":104,"column":22},"end":{"line":121,"column":5}},"line":104},"10":{"name":"(anonymous_10)","decl":{"start":{"line":112,"column":43},"end":{"line":112,"column":44}},"loc":{"start":{"line":112,"column":59},"end":{"line":116,"column":9}},"line":112},"11":{"name":"(anonymous_11)","decl":{"start":{"line":113,"column":41},"end":{"line":113,"column":42}},"loc":{"start":{"line":113,"column":47},"end":{"line":115,"column":11}},"line":113},"12":{"name":"(anonymous_12)","decl":{"start":{"line":122,"column":11},"end":{"line":122,"column":12}},"loc":{"start":{"line":122,"column":17},"end":{"line":126,"column":5}},"line":122},"13":{"name":"unregister","decl":{"start":{"line":129,"column":16},"end":{"line":129,"column":26}},"loc":{"start":{"line":129,"column":29},"end":{"line":135,"column":1}},"line":129},"14":{"name":"(anonymous_14)","decl":{"start":{"line":131,"column":39},"end":{"line":131,"column":40}},"loc":{"start":{"line":131,"column":55},"end":{"line":133,"column":5}},"line":131}},"branchMap":{"0":{"loc":{"start":{"line":14,"column":2},"end":{"line":20,"column":5}},"type":"binary-expr","locations":[{"start":{"line":14,"column":2},"end":{"line":14,"column":42}},{"start":{"line":16,"column":4},"end":{"line":16,"column":40}},{"start":{"line":18,"column":4},"end":{"line":20,"column":5}}],"line":14},"1":{"loc":{"start":{"line":24,"column":2},"end":{"line":54,"column":3}},"type":"if","locations":[{"start":{"line":24,"column":2},"end":{"line":54,"column":3}},{"start":{"line":24,"column":2},"end":{"line":54,"column":3}}],"line":24},"2":{"loc":{"start":{"line":24,"column":6},"end":{"line":24,"column":75}},"type":"binary-expr","locations":[{"start":{"line":24,"column":6},"end":{"line":24,"column":43}},{"start":{"line":24,"column":47},"end":{"line":24,"column":75}}],"line":24},"3":{"loc":{"start":{"line":27,"column":4},"end":{"line":32,"column":5}},"type":"if","locations":[{"start":{"line":27,"column":4},"end":{"line":32,"column":5}},{"start":{"line":27,"column":4},"end":{"line":32,"column":5}}],"line":27},"4":{"loc":{"start":{"line":37,"column":6},"end":{"line":52,"column":7}},"type":"if","locations":[{"start":{"line":37,"column":6},"end":{"line":52,"column":7}},{"start":{"line":37,"column":6},"end":{"line":52,"column":7}}],"line":37},"5":{"loc":{"start":{"line":63,"column":8},"end":{"line":65,"column":9}},"type":"if","locations":[{"start":{"line":63,"column":8},"end":{"line":65,"column":9}},{"start":{"line":63,"column":8},"end":{"line":65,"column":9}}],"line":63},"6":{"loc":{"start":{"line":67,"column":10},"end":{"line":92,"column":11}},"type":"if","locations":[{"start":{"line":67,"column":10},"end":{"line":92,"column":11}},{"start":{"line":67,"column":10},"end":{"line":92,"column":11}}],"line":67},"7":{"loc":{"start":{"line":68,"column":12},"end":{"line":91,"column":13}},"type":"if","locations":[{"start":{"line":68,"column":12},"end":{"line":91,"column":13}},{"start":{"line":68,"column":12},"end":{"line":91,"column":13}}],"line":68},"8":{"loc":{"start":{"line":78,"column":14},"end":{"line":80,"column":15}},"type":"if","locations":[{"start":{"line":78,"column":14},"end":{"line":80,"column":15}},{"start":{"line":78,"column":14},"end":{"line":80,"column":15}}],"line":78},"9":{"loc":{"start":{"line":78,"column":18},"end":{"line":78,"column":43}},"type":"binary-expr","locations":[{"start":{"line":78,"column":18},"end":{"line":78,"column":24}},{"start":{"line":78,"column":28},"end":{"line":78,"column":43}}],"line":78},"10":{"loc":{"start":{"line":88,"column":14},"end":{"line":90,"column":15}},"type":"if","locations":[{"start":{"line":88,"column":14},"end":{"line":90,"column":15}},{"start":{"line":88,"column":14},"end":{"line":90,"column":15}}],"line":88},"11":{"loc":{"start":{"line":88,"column":18},"end":{"line":88,"column":44}},"type":"binary-expr","locations":[{"start":{"line":88,"column":18},"end":{"line":88,"column":24}},{"start":{"line":88,"column":28},"end":{"line":88,"column":44}}],"line":88},"12":{"loc":{"start":{"line":107,"column":6},"end":{"line":120,"column":7}},"type":"if","locations":[{"start":{"line":107,"column":6},"end":{"line":120,"column":7}},{"start":{"line":107,"column":6},"end":{"line":120,"column":7}}],"line":107},"13":{"loc":{"start":{"line":108,"column":8},"end":{"line":109,"column":73}},"type":"binary-expr","locations":[{"start":{"line":108,"column":8},"end":{"line":108,"column":31}},{"start":{"line":109,"column":9},"end":{"line":109,"column":28}},{"start":{"line":109,"column":32},"end":{"line":109,"column":72}}],"line":108},"14":{"loc":{"start":{"line":130,"column":2},"end":{"line":134,"column":3}},"type":"if","locations":[{"start":{"line":130,"column":2},"end":{"line":134,"column":3}},{"start":{"line":130,"column":2},"end":{"line":134,"column":3}}],"line":130}},"s":{"0":0,"1":0,"2":0,"3":0,"4":0,"5":0,"6":0,"7":0,"8":0,"9":0,"10":0,"11":0,"12":0,"13":0,"14":0,"15":0,"16":0,"17":0,"18":0,"19":0,"20":0,"21":0,"22":0,"23":0,"24":0,"25":0,"26":0,"27":0,"28":0,"29":0,"30":0,"31":0,"32":0,"33":0,"34":0,"35":0,"36":0,"37":0},"f":{"0":0,"1":0,"2":0,"3":0,"4":0,"5":0,"6":0,"7":0,"8":0,"9":0,"10":0,"11":0,"12":0,"13":0,"14":0},"b":{"0":[0,0,0],"1":[0,0],"2":[0,0],"3":[0,0],"4":[0,0],"5":[0,0],"6":[0,0],"7":[0,0],"8":[0,0],"9":[0,0],"10":[0,0],"11":[0,0],"12":[0,0],"13":[0,0,0],"14":[0,0]}}
,"C:\\Users\\user\\Documents\\GitHub\\Triddy\\src\\Components\\Routes.js": {"path":"C:\\Users\\user\\Documents\\GitHub\\Triddy\\src\\Components\\Routes.js","statementMap":{"0":{"start":{"line":15,"column":23},"end":{"line":15,"column":64}},"1":{"start":{"line":19,"column":2},"end":{"line":26,"column":4}}},"fnMap":{"0":{"name":"(anonymous_0)","decl":{"start":{"line":18,"column":1},"end":{"line":18,"column":2}},"loc":{"start":{"line":18,"column":9},"end":{"line":27,"column":2}},"line":18}},"branchMap":{},"s":{"0":1,"1":0},"f":{"0":0},"b":{},"_coverageSchema":"1a1c01bbd47fc00a2c39e90264f33305004495a9","hash":"3989649a0e7a3fab4cd587974185ba4016a39925"}
,"C:\\Users\\user\\Documents\\GitHub\\Triddy\\src\\Components\\Devoltion\\Devolution.js": {"path":"C:\\Users\\user\\Documents\\GitHub\\Triddy\\src\\Components\\Devoltion\\Devolution.js","statementMap":{"0":{"start":{"line":7,"column":4},"end":{"line":7,"column":17}},"1":{"start":{"line":8,"column":4},"end":{"line":9,"column":6}},"2":{"start":{"line":14,"column":4},"end":{"line":41,"column":6}}},"fnMap":{"0":{"name":"(anonymous_0)","decl":{"start":{"line":6,"column":2},"end":{"line":6,"column":3}},"loc":{"start":{"line":6,"column":21},"end":{"line":10,"column":3}},"line":6},"1":{"name":"(anonymous_1)","decl":{"start":{"line":13,"column":2},"end":{"line":13,"column":3}},"loc":{"start":{"line":13,"column":11},"end":{"line":42,"column":3}},"line":13}},"branchMap":{},"s":{"0":0,"1":0,"2":0},"f":{"0":0,"1":0},"b":{}}
,"C:\\Users\\user\\Documents\\GitHub\\Triddy\\src\\Components\\Devoltion\\MenuSlide.js": {"path":"C:\\Users\\user\\Documents\\GitHub\\Triddy\\src\\Components\\Devoltion\\MenuSlide.js","statementMap":{"0":{"start":{"line":10,"column":4},"end":{"line":10,"column":17}},"1":{"start":{"line":11,"column":4},"end":{"line":11,"column":36}},"2":{"start":{"line":12,"column":4},"end":{"line":12,"column":20}},"3":{"start":{"line":16,"column":4},"end":{"line":28,"column":5}},"4":{"start":{"line":17,"column":6},"end":{"line":22,"column":8}},"5":{"start":{"line":24,"column":6},"end":{"line":27,"column":8}},"6":{"start":{"line":32,"column":4},"end":{"line":46,"column":6}}},"fnMap":{"0":{"name":"(anonymous_0)","decl":{"start":{"line":9,"column":2},"end":{"line":9,"column":3}},"loc":{"start":{"line":9,"column":21},"end":{"line":13,"column":3}},"line":9},"1":{"name":"(anonymous_1)","decl":{"start":{"line":15,"column":2},"end":{"line":15,"column":3}},"loc":{"start":{"line":15,"column":18},"end":{"line":29,"column":3}},"line":15},"2":{"name":"(anonymous_2)","decl":{"start":{"line":31,"column":2},"end":{"line":31,"column":3}},"loc":{"start":{"line":31,"column":11},"end":{"line":47,"column":3}},"line":31}},"branchMap":{"0":{"loc":{"start":{"line":16,"column":4},"end":{"line":28,"column":5}},"type":"if","locations":[{"start":{"line":16,"column":4},"end":{"line":28,"column":5}},{"start":{"line":16,"column":4},"end":{"line":28,"column":5}}],"line":16}},"s":{"0":0,"1":0,"2":0,"3":0,"4":0,"5":0,"6":0},"f":{"0":0,"1":0,"2":0},"b":{"0":[0,0]}}
,"C:\\Users\\user\\Documents\\GitHub\\Triddy\\src\\Components\\DividebySearch\\Divbysearch.js": {"path":"C:\\Users\\user\\Documents\\GitHub\\Triddy\\src\\Components\\DividebySearch\\Divbysearch.js","statementMap":{"0":{"start":{"line":8,"column":4},"end":{"line":8,"column":17}},"1":{"start":{"line":9,"column":4},"end":{"line":10,"column":6}},"2":{"start":{"line":14,"column":15},"end":{"line":14,"column":17}},"3":{"start":{"line":15,"column":17},"end":{"line":16,"column":115}},"4":{"start":{"line":17,"column":4},"end":{"line":19,"column":5}},"5":{"start":{"line":17,"column":17},"end":{"line":17,"column":18}},"6":{"start":{"line":18,"column":8},"end":{"line":18,"column":83}},"7":{"start":{"line":20,"column":4},"end":{"line":20,"column":15}},"8":{"start":{"line":24,"column":4},"end":{"line":52,"column":6}}},"fnMap":{"0":{"name":"(anonymous_0)","decl":{"start":{"line":7,"column":2},"end":{"line":7,"column":3}},"loc":{"start":{"line":7,"column":21},"end":{"line":11,"column":3}},"line":7},"1":{"name":"(anonymous_1)","decl":{"start":{"line":13,"column":2},"end":{"line":13,"column":3}},"loc":{"start":{"line":13,"column":16},"end":{"line":21,"column":3}},"line":13},"2":{"name":"(anonymous_2)","decl":{"start":{"line":23,"column":2},"end":{"line":23,"column":3}},"loc":{"start":{"line":23,"column":11},"end":{"line":53,"column":3}},"line":23}},"branchMap":{},"s":{"0":0,"1":0,"2":0,"3":0,"4":0,"5":0,"6":0,"7":0,"8":0},"f":{"0":0,"1":0,"2":0},"b":{}}
,"C:\\Users\\user\\Documents\\GitHub\\Triddy\\src\\Components\\DividebySearch\\MenuSlide.js": {"path":"C:\\Users\\user\\Documents\\GitHub\\Triddy\\src\\Components\\DividebySearch\\MenuSlide.js","statementMap":{"0":{"start":{"line":10,"column":4},"end":{"line":10,"column":17}},"1":{"start":{"line":11,"column":4},"end":{"line":11,"column":36}},"2":{"start":{"line":12,"column":4},"end":{"line":12,"column":20}},"3":{"start":{"line":16,"column":4},"end":{"line":33,"column":6}}},"fnMap":{"0":{"name":"(anonymous_0)","decl":{"start":{"line":9,"column":2},"end":{"line":9,"column":3}},"loc":{"start":{"line":9,"column":21},"end":{"line":13,"column":3}},"line":9},"1":{"name":"(anonymous_1)","decl":{"start":{"line":15,"column":2},"end":{"line":15,"column":3}},"loc":{"start":{"line":15,"column":11},"end":{"line":34,"column":3}},"line":15}},"branchMap":{},"s":{"0":0,"1":0,"2":0,"3":0},"f":{"0":0,"1":0},"b":{}}
,"C:\\Users\\user\\Documents\\GitHub\\Triddy\\src\\Components\\DividebySearch\\MiniatureProduct.js": {"path":"C:\\Users\\user\\Documents\\GitHub\\Triddy\\src\\Components\\DividebySearch\\MiniatureProduct.js","statementMap":{"0":{"start":{"line":9,"column":4},"end":{"line":9,"column":17}},"1":{"start":{"line":10,"column":4},"end":{"line":10,"column":34}},"2":{"start":{"line":11,"column":4},"end":{"line":11,"column":34}},"3":{"start":{"line":12,"column":4},"end":{"line":12,"column":34}},"4":{"start":{"line":13,"column":4},"end":{"line":13,"column":20}},"5":{"start":{"line":19,"column":4},"end":{"line":39,"column":6}}},"fnMap":{"0":{"name":"(anonymous_0)","decl":{"start":{"line":8,"column":2},"end":{"line":8,"column":3}},"loc":{"start":{"line":8,"column":21},"end":{"line":14,"column":3}},"line":8},"1":{"name":"(anonymous_1)","decl":{"start":{"line":18,"column":2},"end":{"line":18,"column":3}},"loc":{"start":{"line":18,"column":11},"end":{"line":40,"column":3}},"line":18}},"branchMap":{"0":{"loc":{"start":{"line":22,"column":35},"end":{"line":22,"column":78}},"type":"cond-expr","locations":[{"start":{"line":22,"column":60},"end":{"line":22,"column":64}},{"start":{"line":22,"column":67},"end":{"line":22,"column":78}}],"line":22}},"s":{"0":0,"1":0,"2":0,"3":0,"4":0,"5":0},"f":{"0":0,"1":0},"b":{"0":[0,0]}}
,"C:\\Users\\user\\Documents\\GitHub\\Triddy\\src\\Components\\Home\\Home.js": {"path":"C:\\Users\\user\\Documents\\GitHub\\Triddy\\src\\Components\\Home\\Home.js","statementMap":{"0":{"start":{"line":13,"column":4},"end":{"line":13,"column":17}},"1":{"start":{"line":14,"column":4},"end":{"line":15,"column":6}},"2":{"start":{"line":19,"column":15},"end":{"line":19,"column":17}},"3":{"start":{"line":20,"column":4},"end":{"line":22,"column":5}},"4":{"start":{"line":20,"column":17},"end":{"line":20,"column":18}},"5":{"start":{"line":21,"column":8},"end":{"line":21,"column":71}},"6":{"start":{"line":23,"column":4},"end":{"line":23,"column":15}},"7":{"start":{"line":27,"column":4},"end":{"line":47,"column":6}}},"fnMap":{"0":{"name":"(anonymous_0)","decl":{"start":{"line":12,"column":2},"end":{"line":12,"column":3}},"loc":{"start":{"line":12,"column":21},"end":{"line":16,"column":3}},"line":12},"1":{"name":"(anonymous_1)","decl":{"start":{"line":18,"column":2},"end":{"line":18,"column":3}},"loc":{"start":{"line":18,"column":16},"end":{"line":24,"column":3}},"line":18},"2":{"name":"(anonymous_2)","decl":{"start":{"line":26,"column":2},"end":{"line":26,"column":3}},"loc":{"start":{"line":26,"column":11},"end":{"line":48,"column":3}},"line":26}},"branchMap":{},"s":{"0":0,"1":0,"2":0,"3":0,"4":0,"5":0,"6":0,"7":0},"f":{"0":0,"1":0,"2":0},"b":{},"_coverageSchema":"1a1c01bbd47fc00a2c39e90264f33305004495a9","hash":"2ffdf48d8de3013fac3fe892e2d4be65dcf84425"}
,"C:\\Users\\user\\Documents\\GitHub\\Triddy\\src\\Components\\Home\\MenuSlide.js": {"path":"C:\\Users\\user\\Documents\\GitHub\\Triddy\\src\\Components\\Home\\MenuSlide.js","statementMap":{"0":{"start":{"line":15,"column":4},"end":{"line":15,"column":17}},"1":{"start":{"line":16,"column":4},"end":{"line":16,"column":36}},"2":{"start":{"line":17,"column":4},"end":{"line":17,"column":20}},"3":{"start":{"line":21,"column":4},"end":{"line":39,"column":5}},"4":{"start":{"line":22,"column":6},"end":{"line":30,"column":8}},"5":{"start":{"line":32,"column":6},"end":{"line":38,"column":8}},"6":{"start":{"line":43,"column":4},"end":{"line":92,"column":6}}},"fnMap":{"0":{"name":"(anonymous_0)","decl":{"start":{"line":14,"column":2},"end":{"line":14,"column":3}},"loc":{"start":{"line":14,"column":21},"end":{"line":18,"column":3}},"line":14},"1":{"name":"(anonymous_1)","decl":{"start":{"line":20,"column":2},"end":{"line":20,"column":3}},"loc":{"start":{"line":20,"column":12},"end":{"line":40,"column":3}},"line":20},"2":{"name":"(anonymous_2)","decl":{"start":{"line":42,"column":2},"end":{"line":42,"column":3}},"loc":{"start":{"line":42,"column":11},"end":{"line":93,"column":3}},"line":42}},"branchMap":{"0":{"loc":{"start":{"line":21,"column":4},"end":{"line":39,"column":5}},"type":"if","locations":[{"start":{"line":21,"column":4},"end":{"line":39,"column":5}},{"start":{"line":21,"column":4},"end":{"line":39,"column":5}}],"line":21}},"s":{"0":0,"1":0,"2":0,"3":0,"4":0,"5":0,"6":0},"f":{"0":0,"1":0,"2":0},"b":{"0":[0,0]},"_coverageSchema":"1a1c01bbd47fc00a2c39e90264f33305004495a9","hash":"3af149cc40d408ec4d874e2fac20decba55b4d11"}
,"C:\\Users\\user\\Documents\\GitHub\\Triddy\\src\\Components\\Home\\MiniatureProduct.js": {"path":"C:\\Users\\user\\Documents\\GitHub\\Triddy\\src\\Components\\Home\\MiniatureProduct.js","statementMap":{"0":{"start":{"line":9,"column":4},"end":{"line":9,"column":17}},"1":{"start":{"line":11,"column":4},"end":{"line":11,"column":34}},"2":{"start":{"line":12,"column":4},"end":{"line":12,"column":34}},"3":{"start":{"line":13,"column":4},"end":{"line":13,"column":20}},"4":{"start":{"line":19,"column":4},"end":{"line":38,"column":6}}},"fnMap":{"0":{"name":"(anonymous_0)","decl":{"start":{"line":8,"column":2},"end":{"line":8,"column":3}},"loc":{"start":{"line":8,"column":21},"end":{"line":14,"column":3}},"line":8},"1":{"name":"(anonymous_1)","decl":{"start":{"line":18,"column":2},"end":{"line":18,"column":3}},"loc":{"start":{"line":18,"column":11},"end":{"line":39,"column":3}},"line":18}},"branchMap":{"0":{"loc":{"start":{"line":22,"column":35},"end":{"line":22,"column":78}},"type":"cond-expr","locations":[{"start":{"line":22,"column":60},"end":{"line":22,"column":64}},{"start":{"line":22,"column":67},"end":{"line":22,"column":78}}],"line":22}},"s":{"0":0,"1":0,"2":0,"3":0,"4":0},"f":{"0":0,"1":0},"b":{"0":[0,0]},"_coverageSchema":"1a1c01bbd47fc00a2c39e90264f33305004495a9","hash":"8c856a4aafd2b641da6fa670b42bdcd9969c9b35"}
,"C:\\Users\\user\\Documents\\GitHub\\Triddy\\src\\Components\\Product-register\\ProductRegister.js": {"path":"C:\\Users\\user\\Documents\\GitHub\\Triddy\\src\\Components\\Product-register\\ProductRegister.js","statementMap":{"0":{"start":{"line":10,"column":47},"end":{"line":10,"column":52}},"1":{"start":{"line":11,"column":6},"end":{"line":27,"column":8}},"2":{"start":{"line":16,"column":12},"end":{"line":21,"column":15}},"3":{"start":{"line":29,"column":4},"end":{"line":84,"column":6}}},"fnMap":{"0":{"name":"(anonymous_0)","decl":{"start":{"line":8,"column":2},"end":{"line":8,"column":3}},"loc":{"start":{"line":8,"column":11},"end":{"line":85,"column":3}},"line":8},"1":{"name":"NumberFormatCustom","decl":{"start":{"line":9,"column":13},"end":{"line":9,"column":31}},"loc":{"start":{"line":9,"column":39},"end":{"line":28,"column":5}},"line":9},"2":{"name":"(anonymous_2)","decl":{"start":{"line":15,"column":25},"end":{"line":15,"column":26}},"loc":{"start":{"line":15,"column":37},"end":{"line":22,"column":11}},"line":15}},"branchMap":{},"s":{"0":0,"1":0,"2":0,"3":0},"f":{"0":0,"1":0,"2":0},"b":{},"_coverageSchema":"1a1c01bbd47fc00a2c39e90264f33305004495a9","hash":"849822b3bf2b764d76ac73fdf14a6083eaaf7ca5"}
,"C:\\Users\\user\\Documents\\GitHub\\Triddy\\src\\Components\\Product-register\\RegisterCheckout.js": {"path":"C:\\Users\\user\\Documents\\GitHub\\Triddy\\src\\Components\\Product-register\\RegisterCheckout.js","statementMap":{"0":{"start":{"line":11,"column":18},"end":{"line":49,"column":3}},"1":{"start":{"line":11,"column":41},"end":{"line":49,"column":1}},"2":{"start":{"line":52,"column":18},"end":{"line":52,"column":29}},"3":{"start":{"line":53,"column":2},"end":{"line":84,"column":4}}},"fnMap":{"0":{"name":"(anonymous_0)","decl":{"start":{"line":11,"column":29},"end":{"line":11,"column":30}},"loc":{"start":{"line":11,"column":41},"end":{"line":49,"column":1}},"line":11},"1":{"name":"RegisterCheckout","decl":{"start":{"line":51,"column":24},"end":{"line":51,"column":40}},"loc":{"start":{"line":51,"column":43},"end":{"line":85,"column":1}},"line":51}},"branchMap":{},"s":{"0":1,"1":0,"2":0,"3":0},"f":{"0":0,"1":0},"b":{},"_coverageSchema":"1a1c01bbd47fc00a2c39e90264f33305004495a9","hash":"aba1e9ed95ae4329fd2fda0e11fdc17acc674075"}
,"C:\\Users\\user\\Documents\\GitHub\\Triddy\\src\\Components\\ShowProduct\\MenuSlide.js": {"path":"C:\\Users\\user\\Documents\\GitHub\\Triddy\\src\\Components\\ShowProduct\\MenuSlide.js","statementMap":{"0":{"start":{"line":10,"column":4},"end":{"line":10,"column":17}},"1":{"start":{"line":11,"column":4},"end":{"line":11,"column":36}},"2":{"start":{"line":12,"column":4},"end":{"line":12,"column":20}},"3":{"start":{"line":18,"column":4},"end":{"line":35,"column":6}}},"fnMap":{"0":{"name":"(anonymous_0)","decl":{"start":{"line":9,"column":2},"end":{"line":9,"column":3}},"loc":{"start":{"line":9,"column":21},"end":{"line":13,"column":3}},"line":9},"1":{"name":"(anonymous_1)","decl":{"start":{"line":17,"column":2},"end":{"line":17,"column":3}},"loc":{"start":{"line":17,"column":11},"end":{"line":36,"column":3}},"line":17}},"branchMap":{},"s":{"0":0,"1":0,"2":0,"3":0},"f":{"0":0,"1":0},"b":{}}
,"C:\\Users\\user\\Documents\\GitHub\\Triddy\\src\\Components\\ShowProduct\\ProductInfo.js": {"path":"C:\\Users\\user\\Documents\\GitHub\\Triddy\\src\\Components\\ShowProduct\\ProductInfo.js","statementMap":{"0":{"start":{"line":12,"column":4},"end":{"line":12,"column":17}},"1":{"start":{"line":13,"column":4},"end":{"line":13,"column":32}},"2":{"start":{"line":14,"column":4},"end":{"line":14,"column":42}},"3":{"start":{"line":15,"column":4},"end":{"line":15,"column":36}},"4":{"start":{"line":16,"column":4},"end":{"line":16,"column":32}},"5":{"start":{"line":17,"column":4},"end":{"line":17,"column":32}},"6":{"start":{"line":18,"column":4},"end":{"line":18,"column":20}},"7":{"start":{"line":22,"column":24},"end":{"line":22,"column":52}},"8":{"start":{"line":23,"column":23},"end":{"line":23,"column":55}},"9":{"start":{"line":24,"column":24},"end":{"line":24,"column":59}},"10":{"start":{"line":25,"column":6},"end":{"line":31,"column":7}},"11":{"start":{"line":26,"column":12},"end":{"line":26,"column":29}},"12":{"start":{"line":27,"column":12},"end":{"line":31,"column":7}},"13":{"start":{"line":28,"column":10},"end":{"line":28,"column":26}},"14":{"start":{"line":30,"column":10},"end":{"line":30,"column":27}},"15":{"start":{"line":36,"column":16},"end":{"line":36,"column":26}},"16":{"start":{"line":37,"column":17},"end":{"line":37,"column":19}},"17":{"start":{"line":38,"column":6},"end":{"line":42,"column":7}},"18":{"start":{"line":38,"column":19},"end":{"line":38,"column":20}},"19":{"start":{"line":39,"column":10},"end":{"line":39,"column":26}},"20":{"start":{"line":40,"column":10},"end":{"line":40,"column":40}},"21":{"start":{"line":41,"column":10},"end":{"line":41,"column":18}},"22":{"start":{"line":43,"column":6},"end":{"line":43,"column":18}},"23":{"start":{"line":48,"column":4},"end":{"line":72,"column":6}}},"fnMap":{"0":{"name":"(anonymous_0)","decl":{"start":{"line":11,"column":2},"end":{"line":11,"column":3}},"loc":{"start":{"line":11,"column":21},"end":{"line":19,"column":3}},"line":11},"1":{"name":"(anonymous_1)","decl":{"start":{"line":21,"column":2},"end":{"line":21,"column":3}},"loc":{"start":{"line":21,"column":15},"end":{"line":33,"column":3}},"line":21},"2":{"name":"(anonymous_2)","decl":{"start":{"line":35,"column":2},"end":{"line":35,"column":3}},"loc":{"start":{"line":35,"column":17},"end":{"line":44,"column":3}},"line":35},"3":{"name":"(anonymous_3)","decl":{"start":{"line":47,"column":2},"end":{"line":47,"column":3}},"loc":{"start":{"line":47,"column":11},"end":{"line":73,"column":3}},"line":47}},"branchMap":{"0":{"loc":{"start":{"line":25,"column":6},"end":{"line":31,"column":7}},"type":"if","locations":[{"start":{"line":25,"column":6},"end":{"line":31,"column":7}},{"start":{"line":25,"column":6},"end":{"line":31,"column":7}}],"line":25},"1":{"loc":{"start":{"line":27,"column":12},"end":{"line":31,"column":7}},"type":"if","locations":[{"start":{"line":27,"column":12},"end":{"line":31,"column":7}},{"start":{"line":27,"column":12},"end":{"line":31,"column":7}}],"line":27}},"s":{"0":0,"1":0,"2":0,"3":0,"4":0,"5":0,"6":0,"7":0,"8":0,"9":0,"10":0,"11":0,"12":0,"13":0,"14":0,"15":0,"16":0,"17":0,"18":0,"19":0,"20":0,"21":0,"22":0,"23":0},"f":{"0":0,"1":0,"2":0,"3":0},"b":{"0":[0,0],"1":[0,0]}}
,"C:\\Users\\user\\Documents\\GitHub\\Triddy\\src\\Components\\ShowProduct\\Productimages.js": {"path":"C:\\Users\\user\\Documents\\GitHub\\Triddy\\src\\Components\\ShowProduct\\Productimages.js","statementMap":{"0":{"start":{"line":9,"column":4},"end":{"line":9,"column":17}},"1":{"start":{"line":13,"column":4},"end":{"line":24,"column":6}}},"fnMap":{"0":{"name":"(anonymous_0)","decl":{"start":{"line":8,"column":2},"end":{"line":8,"column":3}},"loc":{"start":{"line":8,"column":21},"end":{"line":10,"column":3}},"line":8},"1":{"name":"(anonymous_1)","decl":{"start":{"line":12,"column":2},"end":{"line":12,"column":3}},"loc":{"start":{"line":12,"column":11},"end":{"line":25,"column":3}},"line":12}},"branchMap":{},"s":{"0":0,"1":0},"f":{"0":0,"1":0},"b":{}}
,"C:\\Users\\user\\Documents\\GitHub\\Triddy\\src\\Components\\ShowProduct\\ShowProduct.js": {"path":"C:\\Users\\user\\Documents\\GitHub\\Triddy\\src\\Components\\ShowProduct\\ShowProduct.js","statementMap":{"0":{"start":{"line":9,"column":4},"end":{"line":9,"column":17}},"1":{"start":{"line":10,"column":4},"end":{"line":11,"column":6}},"2":{"start":{"line":15,"column":4},"end":{"line":35,"column":6}}},"fnMap":{"0":{"name":"(anonymous_0)","decl":{"start":{"line":8,"column":2},"end":{"line":8,"column":3}},"loc":{"start":{"line":8,"column":21},"end":{"line":12,"column":3}},"line":8},"1":{"name":"(anonymous_1)","decl":{"start":{"line":14,"column":2},"end":{"line":14,"column":3}},"loc":{"start":{"line":14,"column":11},"end":{"line":36,"column":3}},"line":14}},"branchMap":{},"s":{"0":0,"1":0,"2":0},"f":{"0":0,"1":0},"b":{}}
,"C:\\Users\\user\\Documents\\GitHub\\Triddy\\src\\Components\\calendar\\Calendar.js": {"path":"C:\\Users\\user\\Documents\\GitHub\\Triddy\\src\\Components\\calendar\\Calendar.js","statementMap":{"0":{"start":{"line":8,"column":8},"end":{"line":8,"column":21}},"1":{"start":{"line":9,"column":8},"end":{"line":12,"column":10}},"2":{"start":{"line":16,"column":27},"end":{"line":16,"column":36}},"3":{"start":{"line":16,"column":39},"end":{"line":32,"column":10}},"4":{"start":{"line":36,"column":27},"end":{"line":36,"column":32}},"5":{"start":{"line":37,"column":21},"end":{"line":37,"column":23}},"6":{"start":{"line":37,"column":42},"end":{"line":37,"column":78}},"7":{"start":{"line":37,"column":81},"end":{"line":43,"column":9}},"8":{"start":{"line":37,"column":94},"end":{"line":37,"column":95}},"9":{"start":{"line":38,"column":12},"end":{"line":42,"column":14}},"10":{"start":{"line":43,"column":11},"end":{"line":43,"column":57}},"11":{"start":{"line":47,"column":30},"end":{"line":47,"column":53}},"12":{"start":{"line":48,"column":27},"end":{"line":48,"column":53}},"13":{"start":{"line":49,"column":25},"end":{"line":49,"column":47}},"14":{"start":{"line":50,"column":26},"end":{"line":50,"column":49}},"15":{"start":{"line":51,"column":24},"end":{"line":51,"column":43}},"16":{"start":{"line":52,"column":27},"end":{"line":52,"column":31}},"17":{"start":{"line":53,"column":21},"end":{"line":53,"column":23}},"18":{"start":{"line":53,"column":35},"end":{"line":53,"column":37}},"19":{"start":{"line":54,"column":18},"end":{"line":54,"column":27}},"20":{"start":{"line":55,"column":28},"end":{"line":55,"column":30}},"21":{"start":{"line":55,"column":31},"end":{"line":77,"column":9}},"22":{"start":{"line":56,"column":8},"end":{"line":70,"column":9}},"23":{"start":{"line":56,"column":21},"end":{"line":56,"column":22}},"24":{"start":{"line":57,"column":12},"end":{"line":57,"column":52}},"25":{"start":{"line":58,"column":29},"end":{"line":58,"column":32}},"26":{"start":{"line":59,"column":12},"end":{"line":68,"column":14}},"27":{"start":{"line":63,"column":31},"end":{"line":63,"column":57}},"28":{"start":{"line":69,"column":12},"end":{"line":69,"column":34}},"29":{"start":{"line":71,"column":8},"end":{"line":75,"column":10}},"30":{"start":{"line":76,"column":8},"end":{"line":76,"column":18}},"31":{"start":{"line":78,"column":8},"end":{"line":78,"column":50}},"32":{"start":{"line":81,"column":18},"end":{"line":83,"column":5}},"33":{"start":{"line":82,"column":8},"end":{"line":82,"column":25}},"34":{"start":{"line":85,"column":16},"end":{"line":89,"column":5}},"35":{"start":{"line":86,"column":8},"end":{"line":88,"column":11}},"36":{"start":{"line":90,"column":16},"end":{"line":94,"column":5}},"37":{"start":{"line":91,"column":8},"end":{"line":93,"column":11}},"38":{"start":{"line":96,"column":17},"end":{"line":103,"column":5}},"39":{"start":{"line":97,"column":6},"end":{"line":101,"column":7}},"40":{"start":{"line":98,"column":8},"end":{"line":100,"column":9}},"41":{"start":{"line":99,"column":10},"end":{"line":99,"column":22}},"42":{"start":{"line":102,"column":6},"end":{"line":102,"column":19}},"43":{"start":{"line":105,"column":13},"end":{"line":112,"column":5}},"44":{"start":{"line":106,"column":6},"end":{"line":110,"column":7}},"45":{"start":{"line":107,"column":8},"end":{"line":109,"column":9}},"46":{"start":{"line":108,"column":10},"end":{"line":108,"column":22}},"47":{"start":{"line":111,"column":6},"end":{"line":111,"column":19}},"48":{"start":{"line":115,"column":6},"end":{"line":115,"column":59}},"49":{"start":{"line":115,"column":41},"end":{"line":115,"column":59}},"50":{"start":{"line":116,"column":6},"end":{"line":116,"column":51}},"51":{"start":{"line":116,"column":32},"end":{"line":116,"column":51}},"52":{"start":{"line":117,"column":6},"end":{"line":117,"column":43}},"53":{"start":{"line":117,"column":28},"end":{"line":117,"column":43}},"54":{"start":{"line":118,"column":6},"end":{"line":118,"column":60}},"55":{"start":{"line":122,"column":8},"end":{"line":130,"column":10}}},"fnMap":{"0":{"name":"(anonymous_0)","decl":{"start":{"line":7,"column":4},"end":{"line":7,"column":5}},"loc":{"start":{"line":7,"column":22},"end":{"line":13,"column":5}},"line":7},"1":{"name":"(anonymous_1)","decl":{"start":{"line":15,"column":4},"end":{"line":15,"column":5}},"loc":{"start":{"line":15,"column":19},"end":{"line":33,"column":7}},"line":15},"2":{"name":"(anonymous_2)","decl":{"start":{"line":35,"column":4},"end":{"line":35,"column":5}},"loc":{"start":{"line":35,"column":17},"end":{"line":44,"column":5}},"line":35},"3":{"name":"(anonymous_3)","decl":{"start":{"line":46,"column":4},"end":{"line":46,"column":5}},"loc":{"start":{"line":46,"column":18},"end":{"line":79,"column":5}},"line":46},"4":{"name":"(anonymous_4)","decl":{"start":{"line":63,"column":25},"end":{"line":63,"column":26}},"loc":{"start":{"line":63,"column":31},"end":{"line":63,"column":57}},"line":63},"5":{"name":"(anonymous_5)","decl":{"start":{"line":81,"column":18},"end":{"line":81,"column":19}},"loc":{"start":{"line":81,"column":25},"end":{"line":83,"column":5}},"line":81},"6":{"name":"(anonymous_6)","decl":{"start":{"line":85,"column":16},"end":{"line":85,"column":17}},"loc":{"start":{"line":85,"column":22},"end":{"line":89,"column":5}},"line":85},"7":{"name":"(anonymous_7)","decl":{"start":{"line":90,"column":16},"end":{"line":90,"column":17}},"loc":{"start":{"line":90,"column":22},"end":{"line":94,"column":5}},"line":90},"8":{"name":"(anonymous_8)","decl":{"start":{"line":96,"column":17},"end":{"line":96,"column":18}},"loc":{"start":{"line":96,"column":24},"end":{"line":103,"column":5}},"line":96},"9":{"name":"(anonymous_9)","decl":{"start":{"line":105,"column":13},"end":{"line":105,"column":14}},"loc":{"start":{"line":105,"column":20},"end":{"line":112,"column":5}},"line":105},"10":{"name":"(anonymous_10)","decl":{"start":{"line":114,"column":4},"end":{"line":114,"column":5}},"loc":{"start":{"line":114,"column":31},"end":{"line":119,"column":5}},"line":114},"11":{"name":"(anonymous_11)","decl":{"start":{"line":121,"column":4},"end":{"line":121,"column":5}},"loc":{"start":{"line":121,"column":13},"end":{"line":131,"column":5}},"line":121}},"branchMap":{"0":{"loc":{"start":{"line":98,"column":8},"end":{"line":100,"column":9}},"type":"if","locations":[{"start":{"line":98,"column":8},"end":{"line":100,"column":9}},{"start":{"line":98,"column":8},"end":{"line":100,"column":9}}],"line":98},"1":{"loc":{"start":{"line":107,"column":8},"end":{"line":109,"column":9}},"type":"if","locations":[{"start":{"line":107,"column":8},"end":{"line":109,"column":9}},{"start":{"line":107,"column":8},"end":{"line":109,"column":9}}],"line":107},"2":{"loc":{"start":{"line":115,"column":6},"end":{"line":115,"column":59}},"type":"if","locations":[{"start":{"line":115,"column":6},"end":{"line":115,"column":59}},{"start":{"line":115,"column":6},"end":{"line":115,"column":59}}],"line":115},"3":{"loc":{"start":{"line":116,"column":6},"end":{"line":116,"column":51}},"type":"if","locations":[{"start":{"line":116,"column":6},"end":{"line":116,"column":51}},{"start":{"line":116,"column":6},"end":{"line":116,"column":51}}],"line":116},"4":{"loc":{"start":{"line":117,"column":6},"end":{"line":117,"column":43}},"type":"if","locations":[{"start":{"line":117,"column":6},"end":{"line":117,"column":43}},{"start":{"line":117,"column":6},"end":{"line":117,"column":43}}],"line":117},"5":{"loc":{"start":{"line":118,"column":14},"end":{"line":118,"column":58}},"type":"cond-expr","locations":[{"start":{"line":118,"column":43},"end":{"line":118,"column":53}},{"start":{"line":118,"column":56},"end":{"line":118,"column":58}}],"line":118}},"s":{"0":0,"1":0,"2":0,"3":0,"4":0,"5":0,"6":0,"7":0,"8":0,"9":0,"10":0,"11":0,"12":0,"13":0,"14":0,"15":0,"16":0,"17":0,"18":0,"19":0,"20":0,"21":0,"22":0,"23":0,"24":0,"25":0,"26":0,"27":0,"28":0,"29":0,"30":0,"31":0,"32":0,"33":0,"34":0,"35":0,"36":0,"37":0,"38":0,"39":0,"40":0,"41":0,"42":0,"43":0,"44":0,"45":0,"46":0,"47":0,"48":0,"49":0,"50":0,"51":0,"52":0,"53":0,"54":0,"55":0},"f":{"0":0,"1":0,"2":0,"3":0,"4":0,"5":0,"6":0,"7":0,"8":0,"9":0,"10":0,"11":0},"b":{"0":[0,0],"1":[0,0],"2":[0,0],"3":[0,0],"4":[0,0],"5":[0,0]}}
,"C:\\Users\\user\\Documents\\GitHub\\Triddy\\src\\Components\\compose\\Compose.js": {"path":"C:\\Users\\user\\Documents\\GitHub\\Triddy\\src\\Components\\compose\\Compose.js","statementMap":{"0":{"start":{"line":6,"column":19},"end":{"line":6,"column":20}},"1":{"start":{"line":10,"column":8},"end":{"line":10,"column":21}},"2":{"start":{"line":11,"column":2},"end":{"line":11,"column":26}},"3":{"start":{"line":12,"column":2},"end":{"line":12,"column":59}},"4":{"start":{"line":13,"column":2},"end":{"line":13,"column":47}},"5":{"start":{"line":16,"column":4},"end":{"line":30,"column":6}},"6":{"start":{"line":26,"column":86},"end":{"line":26,"column":103}},"7":{"start":{"line":34,"column":8},"end":{"line":36,"column":11}},"8":{"start":{"line":40,"column":2},"end":{"line":40,"column":53}},"9":{"start":{"line":41,"column":2},"end":{"line":43,"column":11}}},"fnMap":{"0":{"name":"(anonymous_0)","decl":{"start":{"line":9,"column":1},"end":{"line":9,"column":2}},"loc":{"start":{"line":9,"column":20},"end":{"line":14,"column":2}},"line":9},"1":{"name":"(anonymous_1)","decl":{"start":{"line":15,"column":1},"end":{"line":15,"column":2}},"loc":{"start":{"line":15,"column":9},"end":{"line":31,"column":2}},"line":15},"2":{"name":"(anonymous_2)","decl":{"start":{"line":26,"column":78},"end":{"line":26,"column":79}},"loc":{"start":{"line":26,"column":84},"end":{"line":26,"column":105}},"line":26},"3":{"name":"(anonymous_3)","decl":{"start":{"line":33,"column":1},"end":{"line":33,"column":2}},"loc":{"start":{"line":33,"column":21},"end":{"line":37,"column":5}},"line":33},"4":{"name":"(anonymous_4)","decl":{"start":{"line":39,"column":1},"end":{"line":39,"column":2}},"loc":{"start":{"line":39,"column":13},"end":{"line":44,"column":2}},"line":39}},"branchMap":{},"s":{"0":1,"1":0,"2":0,"3":0,"4":0,"5":0,"6":0,"7":0,"8":0,"9":0},"f":{"0":0,"1":0,"2":0,"3":0,"4":0},"b":{},"_coverageSchema":"1a1c01bbd47fc00a2c39e90264f33305004495a9","hash":"6bb404790b366ca8d71a9105373d3896aef2b46b"}
,"C:\\Users\\user\\Documents\\GitHub\\Triddy\\src\\Components\\conversation\\Conversation.js": {"path":"C:\\Users\\user\\Documents\\GitHub\\Triddy\\src\\Components\\conversation\\Conversation.js","statementMap":{"0":{"start":{"line":8,"column":2},"end":{"line":21,"column":3}},"1":{"start":{"line":9,"column":3},"end":{"line":13,"column":5}},"2":{"start":{"line":16,"column":3},"end":{"line":20,"column":5}}},"fnMap":{"0":{"name":"(anonymous_0)","decl":{"start":{"line":7,"column":1},"end":{"line":7,"column":2}},"loc":{"start":{"line":7,"column":9},"end":{"line":22,"column":2}},"line":7}},"branchMap":{"0":{"loc":{"start":{"line":8,"column":2},"end":{"line":21,"column":3}},"type":"if","locations":[{"start":{"line":8,"column":2},"end":{"line":21,"column":3}},{"start":{"line":8,"column":2},"end":{"line":21,"column":3}}],"line":8}},"s":{"0":0,"1":0,"2":0},"f":{"0":0},"b":{"0":[0,0]},"_coverageSchema":"1a1c01bbd47fc00a2c39e90264f33305004495a9","hash":"7d843628358066493972cc26e3c27f70825e87fd"}
,"C:\\Users\\user\\Documents\\GitHub\\Triddy\\src\\Components\\conversationList\\ConversationList.js": {"path":"C:\\Users\\user\\Documents\\GitHub\\Triddy\\src\\Components\\conversationList\\ConversationList.js","statementMap":{"0":{"start":{"line":10,"column":2},"end":{"line":10,"column":15}},"1":{"start":{"line":11,"column":2},"end":{"line":11,"column":48}},"2":{"start":{"line":15,"column":4},"end":{"line":28,"column":6}},"3":{"start":{"line":21,"column":12},"end":{"line":24,"column":14}}},"fnMap":{"0":{"name":"(anonymous_0)","decl":{"start":{"line":9,"column":1},"end":{"line":9,"column":2}},"loc":{"start":{"line":9,"column":20},"end":{"line":12,"column":2}},"line":9},"1":{"name":"(anonymous_1)","decl":{"start":{"line":14,"column":1},"end":{"line":14,"column":2}},"loc":{"start":{"line":14,"column":9},"end":{"line":29,"column":2}},"line":14},"2":{"name":"(anonymous_2)","decl":{"start":{"line":20,"column":39},"end":{"line":20,"column":40}},"loc":{"start":{"line":21,"column":12},"end":{"line":24,"column":14}},"line":21}},"branchMap":{},"s":{"0":0,"1":0,"2":0,"3":0},"f":{"0":0,"1":0,"2":0},"b":{},"_coverageSchema":"1a1c01bbd47fc00a2c39e90264f33305004495a9","hash":"dad98b2226b6561f8d2ab9022a48b9c891ae017f"}
,"C:\\Users\\user\\Documents\\GitHub\\Triddy\\src\\Components\\conversationListItem\\ConversationListItem.js": {"path":"C:\\Users\\user\\Documents\\GitHub\\Triddy\\src\\Components\\conversationListItem\\ConversationListItem.js","statementMap":{"0":{"start":{"line":6,"column":19},"end":{"line":6,"column":20}},"1":{"start":{"line":10,"column":2},"end":{"line":10,"column":15}},"2":{"start":{"line":11,"column":13},"end":{"line":11,"column":15}},"3":{"start":{"line":12,"column":16},"end":{"line":12,"column":74}},"4":{"start":{"line":13,"column":2},"end":{"line":18,"column":3}},"5":{"start":{"line":14,"column":3},"end":{"line":14,"column":28}},"6":{"start":{"line":17,"column":3},"end":{"line":17,"column":50}},"7":{"start":{"line":19,"column":2},"end":{"line":21,"column":17}},"8":{"start":{"line":22,"column":2},"end":{"line":22,"column":71}},"9":{"start":{"line":26,"column":3},"end":{"line":26,"column":38}},"10":{"start":{"line":30,"column":4},"end":{"line":38,"column":6}},"11":{"start":{"line":31,"column":63},"end":{"line":31,"column":92}},"12":{"start":{"line":42,"column":16},"end":{"line":43,"column":42}},"13":{"start":{"line":44,"column":2},"end":{"line":45,"column":33}}},"fnMap":{"0":{"name":"(anonymous_0)","decl":{"start":{"line":9,"column":1},"end":{"line":9,"column":2}},"loc":{"start":{"line":9,"column":20},"end":{"line":23,"column":2}},"line":9},"1":{"name":"(anonymous_1)","decl":{"start":{"line":25,"column":1},"end":{"line":25,"column":2}},"loc":{"start":{"line":25,"column":21},"end":{"line":27,"column":2}},"line":25},"2":{"name":"(anonymous_2)","decl":{"start":{"line":29,"column":1},"end":{"line":29,"column":2}},"loc":{"start":{"line":29,"column":9},"end":{"line":39,"column":2}},"line":29},"3":{"name":"(anonymous_3)","decl":{"start":{"line":31,"column":55},"end":{"line":31,"column":56}},"loc":{"start":{"line":31,"column":61},"end":{"line":31,"column":94}},"line":31},"4":{"name":"(anonymous_4)","decl":{"start":{"line":41,"column":1},"end":{"line":41,"column":2}},"loc":{"start":{"line":41,"column":25},"end":{"line":47,"column":2}},"line":41}},"branchMap":{"0":{"loc":{"start":{"line":13,"column":2},"end":{"line":18,"column":3}},"type":"if","locations":[{"start":{"line":13,"column":2},"end":{"line":18,"column":3}},{"start":{"line":13,"column":2},"end":{"line":18,"column":3}}],"line":13}},"s":{"0":1,"1":0,"2":0,"3":0,"4":0,"5":0,"6":0,"7":0,"8":0,"9":0,"10":0,"11":0,"12":0,"13":0},"f":{"0":0,"1":0,"2":0,"3":0,"4":0},"b":{"0":[0,0]},"_coverageSchema":"1a1c01bbd47fc00a2c39e90264f33305004495a9","hash":"e11bb928f8eaa4b6147830f71f2645de8cbc7a72"}
,"C:\\Users\\user\\Documents\\GitHub\\Triddy\\src\\Components\\conversationSearch\\ConversationSearch.js": {"path":"C:\\Users\\user\\Documents\\GitHub\\Triddy\\src\\Components\\conversationSearch\\ConversationSearch.js","statementMap":{"0":{"start":{"line":6,"column":4},"end":{"line":14,"column":6}}},"fnMap":{"0":{"name":"(anonymous_0)","decl":{"start":{"line":5,"column":1},"end":{"line":5,"column":2}},"loc":{"start":{"line":5,"column":9},"end":{"line":15,"column":2}},"line":5}},"branchMap":{},"s":{"0":0},"f":{"0":0},"b":{},"_coverageSchema":"1a1c01bbd47fc00a2c39e90264f33305004495a9","hash":"81642d9ca453a0731a077048cb1071d524c23e04"}
,"C:\\Users\\user\\Documents\\GitHub\\Triddy\\src\\Components\\data\\data.js": {"path":"C:\\Users\\user\\Documents\\GitHub\\Triddy\\src\\Components\\data\\data.js","statementMap":{"0":{"start":{"line":2,"column":14},"end":{"line":62,"column":5}},"1":{"start":{"line":64,"column":14},"end":{"line":100,"column":11}},"2":{"start":{"line":103,"column":22},"end":{"line":103,"column":36}},"3":{"start":{"line":108,"column":14},"end":{"line":109,"column":135}},"4":{"start":{"line":110,"column":14},"end":{"line":111,"column":135}},"5":{"start":{"line":112,"column":24},"end":{"line":112,"column":38}}},"fnMap":{},"branchMap":{},"s":{"0":1,"1":1,"2":1,"3":1,"4":1,"5":1},"f":{},"b":{},"_coverageSchema":"1a1c01bbd47fc00a2c39e90264f33305004495a9","hash":"485f3f49dfaf8151d4691456bde3fae36604bbd7"}
,"C:\\Users\\user\\Documents\\GitHub\\Triddy\\src\\Components\\delete-product\\DeleteCheckout.js": {"path":"C:\\Users\\user\\Documents\\GitHub\\Triddy\\src\\Components\\delete-product\\DeleteCheckout.js","statementMap":{"0":{"start":{"line":11,"column":18},"end":{"line":42,"column":3}},"1":{"start":{"line":11,"column":41},"end":{"line":42,"column":1}},"2":{"start":{"line":45,"column":18},"end":{"line":45,"column":29}},"3":{"start":{"line":46,"column":2},"end":{"line":82,"column":4}}},"fnMap":{"0":{"name":"(anonymous_0)","decl":{"start":{"line":11,"column":29},"end":{"line":11,"column":30}},"loc":{"start":{"line":11,"column":41},"end":{"line":42,"column":1}},"line":11},"1":{"name":"DeleteCheckout","decl":{"start":{"line":44,"column":24},"end":{"line":44,"column":38}},"loc":{"start":{"line":44,"column":41},"end":{"line":83,"column":1}},"line":44}},"branchMap":{},"s":{"0":1,"1":0,"2":0,"3":0},"f":{"0":0,"1":0},"b":{},"_coverageSchema":"1a1c01bbd47fc00a2c39e90264f33305004495a9","hash":"372fef71241520080a54318bfef1be11b793b819"}
,"C:\\Users\\user\\Documents\\GitHub\\Triddy\\src\\Components\\delete-product\\ProductDelete.js": {"path":"C:\\Users\\user\\Documents\\GitHub\\Triddy\\src\\Components\\delete-product\\ProductDelete.js","statementMap":{"0":{"start":{"line":9,"column":4},"end":{"line":45,"column":6}}},"fnMap":{"0":{"name":"(anonymous_0)","decl":{"start":{"line":8,"column":2},"end":{"line":8,"column":3}},"loc":{"start":{"line":8,"column":11},"end":{"line":46,"column":3}},"line":8}},"branchMap":{},"s":{"0":0},"f":{"0":0},"b":{},"_coverageSchema":"1a1c01bbd47fc00a2c39e90264f33305004495a9","hash":"7aca6fa025def81ee7800970ba28fa3845755c21"}
,"C:\\Users\\user\\Documents\\GitHub\\Triddy\\src\\Components\\edit-product\\EditCheckout.js": {"path":"C:\\Users\\user\\Documents\\GitHub\\Triddy\\src\\Components\\edit-product\\EditCheckout.js","statementMap":{"0":{"start":{"line":11,"column":18},"end":{"line":42,"column":3}},"1":{"start":{"line":11,"column":41},"end":{"line":42,"column":1}},"2":{"start":{"line":45,"column":18},"end":{"line":45,"column":29}},"3":{"start":{"line":46,"column":2},"end":{"line":82,"column":4}}},"fnMap":{"0":{"name":"(anonymous_0)","decl":{"start":{"line":11,"column":29},"end":{"line":11,"column":30}},"loc":{"start":{"line":11,"column":41},"end":{"line":42,"column":1}},"line":11},"1":{"name":"EditCheckout","decl":{"start":{"line":44,"column":24},"end":{"line":44,"column":36}},"loc":{"start":{"line":44,"column":39},"end":{"line":83,"column":1}},"line":44}},"branchMap":{},"s":{"0":1,"1":0,"2":0,"3":0},"f":{"0":0,"1":0},"b":{},"_coverageSchema":"1a1c01bbd47fc00a2c39e90264f33305004495a9","hash":"faff46f7ec7ef730de12ee69ec2673643e195744"}
,"C:\\Users\\user\\Documents\\GitHub\\Triddy\\src\\Components\\edit-product\\ProductEdit.js": {"path":"C:\\Users\\user\\Documents\\GitHub\\Triddy\\src\\Components\\edit-product\\ProductEdit.js","statementMap":{"0":{"start":{"line":10,"column":47},"end":{"line":10,"column":52}},"1":{"start":{"line":11,"column":6},"end":{"line":27,"column":8}},"2":{"start":{"line":16,"column":12},"end":{"line":21,"column":15}},"3":{"start":{"line":29,"column":4},"end":{"line":84,"column":6}}},"fnMap":{"0":{"name":"(anonymous_0)","decl":{"start":{"line":8,"column":2},"end":{"line":8,"column":3}},"loc":{"start":{"line":8,"column":11},"end":{"line":85,"column":3}},"line":8},"1":{"name":"NumberFormatCustom","decl":{"start":{"line":9,"column":13},"end":{"line":9,"column":31}},"loc":{"start":{"line":9,"column":39},"end":{"line":28,"column":5}},"line":9},"2":{"name":"(anonymous_2)","decl":{"start":{"line":15,"column":25},"end":{"line":15,"column":26}},"loc":{"start":{"line":15,"column":37},"end":{"line":22,"column":11}},"line":15}},"branchMap":{},"s":{"0":0,"1":0,"2":0,"3":0},"f":{"0":0,"1":0,"2":0},"b":{},"_coverageSchema":"1a1c01bbd47fc00a2c39e90264f33305004495a9","hash":"bc8999db5a64657d0a841acb9fbe10ca41d3fb67"}
,"C:\\Users\\user\\Documents\\GitHub\\Triddy\\src\\Components\\editProfile\\Edit.js": {"path":"C:\\Users\\user\\Documents\\GitHub\\Triddy\\src\\Components\\editProfile\\Edit.js","statementMap":{"0":{"start":{"line":8,"column":4},"end":{"line":8,"column":17}},"1":{"start":{"line":9,"column":4},"end":{"line":9,"column":92}},"2":{"start":{"line":13,"column":4},"end":{"line":54,"column":6}}},"fnMap":{"0":{"name":"(anonymous_0)","decl":{"start":{"line":7,"column":2},"end":{"line":7,"column":3}},"loc":{"start":{"line":7,"column":21},"end":{"line":10,"column":3}},"line":7},"1":{"name":"(anonymous_1)","decl":{"start":{"line":12,"column":2},"end":{"line":12,"column":3}},"loc":{"start":{"line":12,"column":11},"end":{"line":55,"column":3}},"line":12}},"branchMap":{},"s":{"0":0,"1":0,"2":0},"f":{"0":0,"1":0},"b":{}}
,"C:\\Users\\user\\Documents\\GitHub\\Triddy\\src\\Components\\editProfile\\MenuSlide.js": {"path":"C:\\Users\\user\\Documents\\GitHub\\Triddy\\src\\Components\\editProfile\\MenuSlide.js","statementMap":{"0":{"start":{"line":11,"column":4},"end":{"line":11,"column":17}},"1":{"start":{"line":12,"column":4},"end":{"line":12,"column":36}},"2":{"start":{"line":13,"column":4},"end":{"line":13,"column":20}},"3":{"start":{"line":17,"column":4},"end":{"line":29,"column":5}},"4":{"start":{"line":18,"column":6},"end":{"line":23,"column":8}},"5":{"start":{"line":25,"column":6},"end":{"line":28,"column":8}},"6":{"start":{"line":33,"column":4},"end":{"line":47,"column":6}}},"fnMap":{"0":{"name":"(anonymous_0)","decl":{"start":{"line":10,"column":2},"end":{"line":10,"column":3}},"loc":{"start":{"line":10,"column":21},"end":{"line":14,"column":3}},"line":10},"1":{"name":"(anonymous_1)","decl":{"start":{"line":16,"column":2},"end":{"line":16,"column":3}},"loc":{"start":{"line":16,"column":18},"end":{"line":30,"column":3}},"line":16},"2":{"name":"(anonymous_2)","decl":{"start":{"line":32,"column":2},"end":{"line":32,"column":3}},"loc":{"start":{"line":32,"column":11},"end":{"line":48,"column":3}},"line":32}},"branchMap":{"0":{"loc":{"start":{"line":17,"column":4},"end":{"line":29,"column":5}},"type":"if","locations":[{"start":{"line":17,"column":4},"end":{"line":29,"column":5}},{"start":{"line":17,"column":4},"end":{"line":29,"column":5}}],"line":17}},"s":{"0":0,"1":0,"2":0,"3":0,"4":0,"5":0,"6":0},"f":{"0":0,"1":0,"2":0},"b":{"0":[0,0]}}
,"C:\\Users\\user\\Documents\\GitHub\\Triddy\\src\\Components\\editProfile\\pages\\EditProfile.js": {"path":"C:\\Users\\user\\Documents\\GitHub\\Triddy\\src\\Components\\editProfile\\pages\\EditProfile.js","statementMap":{"0":{"start":{"line":9,"column":4},"end":{"line":16,"column":6}}},"fnMap":{"0":{"name":"(anonymous_0)","decl":{"start":{"line":8,"column":2},"end":{"line":8,"column":3}},"loc":{"start":{"line":8,"column":11},"end":{"line":17,"column":3}},"line":8}},"branchMap":{},"s":{"0":0},"f":{"0":0},"b":{}}
,"C:\\Users\\user\\Documents\\GitHub\\Triddy\\src\\Components\\favorites\\FavoriteItem.js": {"path":"C:\\Users\\user\\Documents\\GitHub\\Triddy\\src\\Components\\favorites\\FavoriteItem.js","statementMap":{"0":{"start":{"line":5,"column":14},"end":{"line":14,"column":4}},"1":{"start":{"line":18,"column":8},"end":{"line":18,"column":21}},"2":{"start":{"line":22,"column":8},"end":{"line":59,"column":10}}},"fnMap":{"0":{"name":"(anonymous_0)","decl":{"start":{"line":17,"column":4},"end":{"line":17,"column":5}},"loc":{"start":{"line":17,"column":22},"end":{"line":19,"column":5}},"line":17},"1":{"name":"(anonymous_1)","decl":{"start":{"line":21,"column":4},"end":{"line":21,"column":5}},"loc":{"start":{"line":21,"column":12},"end":{"line":60,"column":5}},"line":21}},"branchMap":{},"s":{"0":0,"1":0,"2":0},"f":{"0":0,"1":0},"b":{}}
,"C:\\Users\\user\\Documents\\GitHub\\Triddy\\src\\Components\\favorites\\FavoriteList.js": {"path":"C:\\Users\\user\\Documents\\GitHub\\Triddy\\src\\Components\\favorites\\FavoriteList.js","statementMap":{"0":{"start":{"line":7,"column":8},"end":{"line":7,"column":21}},"1":{"start":{"line":11,"column":30},"end":{"line":15,"column":10}},"2":{"start":{"line":12,"column":12},"end":{"line":14,"column":14}},"3":{"start":{"line":16,"column":8},"end":{"line":20,"column":10}}},"fnMap":{"0":{"name":"(anonymous_0)","decl":{"start":{"line":6,"column":4},"end":{"line":6,"column":5}},"loc":{"start":{"line":6,"column":22},"end":{"line":8,"column":5}},"line":6},"1":{"name":"(anonymous_1)","decl":{"start":{"line":10,"column":4},"end":{"line":10,"column":5}},"loc":{"start":{"line":10,"column":12},"end":{"line":21,"column":5}},"line":10},"2":{"name":"(anonymous_2)","decl":{"start":{"line":11,"column":55},"end":{"line":11,"column":56}},"loc":{"start":{"line":11,"column":67},"end":{"line":15,"column":9}},"line":11}},"branchMap":{},"s":{"0":0,"1":0,"2":0,"3":0},"f":{"0":0,"1":0,"2":0},"b":{}}
,"C:\\Users\\user\\Documents\\GitHub\\Triddy\\src\\Components\\favorites\\FavoritesComponent.js": {"path":"C:\\Users\\user\\Documents\\GitHub\\Triddy\\src\\Components\\favorites\\FavoritesComponent.js","statementMap":{"0":{"start":{"line":8,"column":8},"end":{"line":8,"column":21}},"1":{"start":{"line":9,"column":20},"end":{"line":13,"column":9}},"2":{"start":{"line":14,"column":20},"end":{"line":18,"column":9}},"3":{"start":{"line":19,"column":8},"end":{"line":21,"column":9}},"4":{"start":{"line":25,"column":8},"end":{"line":34,"column":10}}},"fnMap":{"0":{"name":"(anonymous_0)","decl":{"start":{"line":7,"column":4},"end":{"line":7,"column":5}},"loc":{"start":{"line":7,"column":22},"end":{"line":22,"column":5}},"line":7},"1":{"name":"(anonymous_1)","decl":{"start":{"line":24,"column":4},"end":{"line":24,"column":5}},"loc":{"start":{"line":24,"column":12},"end":{"line":36,"column":5}},"line":24}},"branchMap":{},"s":{"0":0,"1":0,"2":0,"3":0,"4":0},"f":{"0":0,"1":0},"b":{}}
,"C:\\Users\\user\\Documents\\GitHub\\Triddy\\src\\Components\\formularioCalificacion\\FormularioCalificacion.js": {"path":"C:\\Users\\user\\Documents\\GitHub\\Triddy\\src\\Components\\formularioCalificacion\\FormularioCalificacion.js","statementMap":{"0":{"start":{"line":11,"column":23},"end":{"line":17,"column":3}},"1":{"start":{"line":19,"column":24},"end":{"line":25,"column":3}},"2":{"start":{"line":29,"column":8},"end":{"line":29,"column":21}},"3":{"start":{"line":30,"column":8},"end":{"line":34,"column":45}},"4":{"start":{"line":35,"column":8},"end":{"line":35,"column":85}},"5":{"start":{"line":36,"column":8},"end":{"line":36,"column":103}},"6":{"start":{"line":37,"column":8},"end":{"line":37,"column":93}},"7":{"start":{"line":38,"column":8},"end":{"line":38,"column":101}},"8":{"start":{"line":39,"column":8},"end":{"line":39,"column":97}},"9":{"start":{"line":40,"column":8},"end":{"line":40,"column":57}},"10":{"start":{"line":44,"column":8},"end":{"line":48,"column":11}},"11":{"start":{"line":52,"column":8},"end":{"line":56,"column":11}},"12":{"start":{"line":60,"column":8},"end":{"line":62,"column":11}},"13":{"start":{"line":66,"column":8},"end":{"line":70,"column":11}},"14":{"start":{"line":74,"column":8},"end":{"line":76,"column":11}},"15":{"start":{"line":80,"column":26},"end":{"line":84,"column":84}},"16":{"start":{"line":86,"column":8},"end":{"line":86,"column":32}},"17":{"start":{"line":91,"column":8},"end":{"line":179,"column":9}}},"fnMap":{"0":{"name":"(anonymous_0)","decl":{"start":{"line":28,"column":4},"end":{"line":28,"column":5}},"loc":{"start":{"line":28,"column":22},"end":{"line":41,"column":5}},"line":28},"1":{"name":"(anonymous_1)","decl":{"start":{"line":43,"column":4},"end":{"line":43,"column":5}},"loc":{"start":{"line":43,"column":33},"end":{"line":49,"column":5}},"line":43},"2":{"name":"(anonymous_2)","decl":{"start":{"line":51,"column":4},"end":{"line":51,"column":5}},"loc":{"start":{"line":51,"column":42},"end":{"line":57,"column":5}},"line":51},"3":{"name":"(anonymous_3)","decl":{"start":{"line":59,"column":4},"end":{"line":59,"column":5}},"loc":{"start":{"line":59,"column":37},"end":{"line":63,"column":5}},"line":59},"4":{"name":"(anonymous_4)","decl":{"start":{"line":65,"column":4},"end":{"line":65,"column":5}},"loc":{"start":{"line":65,"column":41},"end":{"line":71,"column":5}},"line":65},"5":{"name":"(anonymous_5)","decl":{"start":{"line":73,"column":4},"end":{"line":73,"column":5}},"loc":{"start":{"line":73,"column":39},"end":{"line":77,"column":5}},"line":73},"6":{"name":"(anonymous_6)","decl":{"start":{"line":79,"column":4},"end":{"line":79,"column":5}},"loc":{"start":{"line":79,"column":18},"end":{"line":87,"column":5}},"line":79},"7":{"name":"(anonymous_7)","decl":{"start":{"line":90,"column":4},"end":{"line":90,"column":5}},"loc":{"start":{"line":90,"column":12},"end":{"line":180,"column":5}},"line":90}},"branchMap":{},"s":{"0":1,"1":1,"2":0,"3":0,"4":0,"5":0,"6":0,"7":0,"8":0,"9":0,"10":0,"11":0,"12":0,"13":0,"14":0,"15":0,"16":0,"17":0},"f":{"0":0,"1":0,"2":0,"3":0,"4":0,"5":0,"6":0,"7":0},"b":{},"_coverageSchema":"1a1c01bbd47fc00a2c39e90264f33305004495a9","hash":"290d904ce4fe4f96088eca154f89bd155fc78806"}
,"C:\\Users\\user\\Documents\\GitHub\\Triddy\\src\\Components\\itemRentado\\ItemRentado.js": {"path":"C:\\Users\\user\\Documents\\GitHub\\Triddy\\src\\Components\\itemRentado\\ItemRentado.js","statementMap":{"0":{"start":{"line":18,"column":8},"end":{"line":18,"column":21}},"1":{"start":{"line":19,"column":8},"end":{"line":25,"column":21}},"2":{"start":{"line":26,"column":8},"end":{"line":26,"column":45}},"3":{"start":{"line":27,"column":8},"end":{"line":27,"column":61}},"4":{"start":{"line":31,"column":8},"end":{"line":33,"column":12}},"5":{"start":{"line":31,"column":36},"end":{"line":33,"column":9}},"6":{"start":{"line":37,"column":8},"end":{"line":92,"column":6}},"7":{"start":{"line":69,"column":37},"end":{"line":69,"column":58}}},"fnMap":{"0":{"name":"(anonymous_0)","decl":{"start":{"line":17,"column":4},"end":{"line":17,"column":5}},"loc":{"start":{"line":17,"column":22},"end":{"line":28,"column":5}},"line":17},"1":{"name":"(anonymous_1)","decl":{"start":{"line":30,"column":4},"end":{"line":30,"column":5}},"loc":{"start":{"line":30,"column":20},"end":{"line":34,"column":5}},"line":30},"2":{"name":"(anonymous_2)","decl":{"start":{"line":31,"column":22},"end":{"line":31,"column":23}},"loc":{"start":{"line":31,"column":36},"end":{"line":33,"column":9}},"line":31},"3":{"name":"(anonymous_3)","decl":{"start":{"line":36,"column":4},"end":{"line":36,"column":5}},"loc":{"start":{"line":36,"column":12},"end":{"line":93,"column":5}},"line":36},"4":{"name":"(anonymous_4)","decl":{"start":{"line":69,"column":29},"end":{"line":69,"column":30}},"loc":{"start":{"line":69,"column":35},"end":{"line":69,"column":59}},"line":69}},"branchMap":{"0":{"loc":{"start":{"line":50,"column":18},"end":{"line":61,"column":29}},"type":"cond-expr","locations":[{"start":{"line":51,"column":16},"end":{"line":58,"column":22}},{"start":{"line":59,"column":18},"end":{"line":61,"column":29}}],"line":50},"1":{"loc":{"start":{"line":77,"column":57},"end":{"line":77,"column":99}},"type":"cond-expr","locations":[{"start":{"line":77,"column":79},"end":{"line":77,"column":87}},{"start":{"line":77,"column":90},"end":{"line":77,"column":99}}],"line":77}},"s":{"0":0,"1":0,"2":0,"3":0,"4":0,"5":0,"6":0,"7":0},"f":{"0":0,"1":0,"2":0,"3":0,"4":0},"b":{"0":[0,0],"1":[0,0]},"_coverageSchema":"1a1c01bbd47fc00a2c39e90264f33305004495a9","hash":"828a3eab0304637d25f5c42e1512e90957e810c9"}
,"C:\\Users\\user\\Documents\\GitHub\\Triddy\\src\\Components\\itemsRentados\\ItemsRentados.js": {"path":"C:\\Users\\user\\Documents\\GitHub\\Triddy\\src\\Components\\itemsRentados\\ItemsRentados.js","statementMap":{"0":{"start":{"line":12,"column":8},"end":{"line":12,"column":21}},"1":{"start":{"line":13,"column":8},"end":{"line":13,"column":62}},"2":{"start":{"line":14,"column":8},"end":{"line":14,"column":71}},"3":{"start":{"line":18,"column":8},"end":{"line":20,"column":10}},"4":{"start":{"line":26,"column":8},"end":{"line":53,"column":9}},"5":{"start":{"line":27,"column":12},"end":{"line":32,"column":15}},"6":{"start":{"line":28,"column":16},"end":{"line":31,"column":18}},"7":{"start":{"line":34,"column":13},"end":{"line":53,"column":9}},"8":{"start":{"line":35,"column":12},"end":{"line":42,"column":15}},"9":{"start":{"line":36,"column":16},"end":{"line":41,"column":17}},"10":{"start":{"line":37,"column":16},"end":{"line":40,"column":18}},"11":{"start":{"line":45,"column":12},"end":{"line":52,"column":15}},"12":{"start":{"line":46,"column":16},"end":{"line":51,"column":17}},"13":{"start":{"line":47,"column":16},"end":{"line":50,"column":18}},"14":{"start":{"line":55,"column":8},"end":{"line":77,"column":10}}},"fnMap":{"0":{"name":"(anonymous_0)","decl":{"start":{"line":11,"column":4},"end":{"line":11,"column":5}},"loc":{"start":{"line":11,"column":22},"end":{"line":15,"column":5}},"line":11},"1":{"name":"(anonymous_1)","decl":{"start":{"line":17,"column":4},"end":{"line":17,"column":5}},"loc":{"start":{"line":17,"column":26},"end":{"line":21,"column":5}},"line":17},"2":{"name":"(anonymous_2)","decl":{"start":{"line":24,"column":4},"end":{"line":24,"column":5}},"loc":{"start":{"line":24,"column":13},"end":{"line":80,"column":5}},"line":24},"3":{"name":"(anonymous_3)","decl":{"start":{"line":27,"column":48},"end":{"line":27,"column":49}},"loc":{"start":{"line":27,"column":61},"end":{"line":32,"column":13}},"line":27},"4":{"name":"(anonymous_4)","decl":{"start":{"line":35,"column":48},"end":{"line":35,"column":49}},"loc":{"start":{"line":35,"column":61},"end":{"line":42,"column":13}},"line":35},"5":{"name":"(anonymous_5)","decl":{"start":{"line":45,"column":48},"end":{"line":45,"column":49}},"loc":{"start":{"line":45,"column":61},"end":{"line":52,"column":13}},"line":45}},"branchMap":{"0":{"loc":{"start":{"line":26,"column":8},"end":{"line":53,"column":9}},"type":"if","locations":[{"start":{"line":26,"column":8},"end":{"line":53,"column":9}},{"start":{"line":26,"column":8},"end":{"line":53,"column":9}}],"line":26},"1":{"loc":{"start":{"line":34,"column":13},"end":{"line":53,"column":9}},"type":"if","locations":[{"start":{"line":34,"column":13},"end":{"line":53,"column":9}},{"start":{"line":34,"column":13},"end":{"line":53,"column":9}}],"line":34},"2":{"loc":{"start":{"line":36,"column":16},"end":{"line":41,"column":17}},"type":"if","locations":[{"start":{"line":36,"column":16},"end":{"line":41,"column":17}},{"start":{"line":36,"column":16},"end":{"line":41,"column":17}}],"line":36},"3":{"loc":{"start":{"line":46,"column":16},"end":{"line":51,"column":17}},"type":"if","locations":[{"start":{"line":46,"column":16},"end":{"line":51,"column":17}},{"start":{"line":46,"column":16},"end":{"line":51,"column":17}}],"line":46}},"s":{"0":0,"1":0,"2":0,"3":0,"4":0,"5":0,"6":0,"7":0,"8":0,"9":0,"10":0,"11":0,"12":0,"13":0,"14":0},"f":{"0":0,"1":0,"2":0,"3":0,"4":0,"5":0},"b":{"0":[0,0],"1":[0,0],"2":[0,0],"3":[0,0]},"_coverageSchema":"1a1c01bbd47fc00a2c39e90264f33305004495a9","hash":"10ef5055b4179c292ddbaebfc1b24a4423b72975"}
,"C:\\Users\\user\\Documents\\GitHub\\Triddy\\src\\Components\\login\\Login.js": {"path":"C:\\Users\\user\\Documents\\GitHub\\Triddy\\src\\Components\\login\\Login.js","statementMap":{"0":{"start":{"line":8,"column":14},"end":{"line":17,"column":2}},"1":{"start":{"line":18,"column":0},"end":{"line":18,"column":54}},"2":{"start":{"line":19,"column":0},"end":{"line":19,"column":44}},"3":{"start":{"line":23,"column":8},"end":{"line":23,"column":21}},"4":{"start":{"line":27,"column":8},"end":{"line":87,"column":10}}},"fnMap":{"0":{"name":"(anonymous_0)","decl":{"start":{"line":22,"column":4},"end":{"line":22,"column":5}},"loc":{"start":{"line":22,"column":22},"end":{"line":24,"column":5}},"line":22},"1":{"name":"(anonymous_1)","decl":{"start":{"line":26,"column":4},"end":{"line":26,"column":5}},"loc":{"start":{"line":26,"column":12},"end":{"line":88,"column":5}},"line":26}},"branchMap":{},"s":{"0":1,"1":1,"2":1,"3":0,"4":0},"f":{"0":0,"1":0},"b":{},"_coverageSchema":"1a1c01bbd47fc00a2c39e90264f33305004495a9","hash":"a54855bb68fb973960eefa385395e8ce263ac970"}
,"C:\\Users\\user\\Documents\\GitHub\\Triddy\\src\\Components\\message\\Message.js": {"path":"C:\\Users\\user\\Documents\\GitHub\\Triddy\\src\\Components\\message\\Message.js","statementMap":{"0":{"start":{"line":8,"column":4},"end":{"line":28,"column":6}}},"fnMap":{"0":{"name":"(anonymous_0)","decl":{"start":{"line":7,"column":1},"end":{"line":7,"column":2}},"loc":{"start":{"line":7,"column":9},"end":{"line":29,"column":2}},"line":7}},"branchMap":{"0":{"loc":{"start":{"line":11,"column":11},"end":{"line":11,"column":42}},"type":"cond-expr","locations":[{"start":{"line":11,"column":31},"end":{"line":11,"column":37}},{"start":{"line":11,"column":40},"end":{"line":11,"column":42}}],"line":11},"1":{"loc":{"start":{"line":12,"column":11},"end":{"line":12,"column":51}},"type":"cond-expr","locations":[{"start":{"line":12,"column":39},"end":{"line":12,"column":46}},{"start":{"line":12,"column":49},"end":{"line":12,"column":51}}],"line":12},"2":{"loc":{"start":{"line":13,"column":11},"end":{"line":13,"column":47}},"type":"cond-expr","locations":[{"start":{"line":13,"column":37},"end":{"line":13,"column":42}},{"start":{"line":13,"column":45},"end":{"line":13,"column":47}}],"line":13},"3":{"loc":{"start":{"line":16,"column":10},"end":{"line":19,"column":18}},"type":"binary-expr","locations":[{"start":{"line":16,"column":10},"end":{"line":16,"column":34}},{"start":{"line":17,"column":12},"end":{"line":19,"column":18}}],"line":16}},"s":{"0":0},"f":{"0":0},"b":{"0":[0,0],"1":[0,0],"2":[0,0],"3":[0,0]},"_coverageSchema":"1a1c01bbd47fc00a2c39e90264f33305004495a9","hash":"e762fc596b42fc42c13f3f32f2a2943391e26272"}
,"C:\\Users\\user\\Documents\\GitHub\\Triddy\\src\\Components\\messageList\\MessageList.js": {"path":"C:\\Users\\user\\Documents\\GitHub\\Triddy\\src\\Components\\messageList\\MessageList.js","statementMap":{"0":{"start":{"line":10,"column":19},"end":{"line":10,"column":20}},"1":{"start":{"line":15,"column":2},"end":{"line":15,"column":15}},"2":{"start":{"line":16,"column":2},"end":{"line":16,"column":76}},"3":{"start":{"line":17,"column":2},"end":{"line":17,"column":55}},"4":{"start":{"line":18,"column":2},"end":{"line":18,"column":47}},"5":{"start":{"line":19,"column":2},"end":{"line":19,"column":53}},"6":{"start":{"line":23,"column":25},"end":{"line":23,"column":30}},"7":{"start":{"line":24,"column":25},"end":{"line":24,"column":30}},"8":{"start":{"line":25,"column":23},"end":{"line":25,"column":27}},"9":{"start":{"line":26,"column":21},"end":{"line":26,"column":25}},"10":{"start":{"line":27,"column":22},"end":{"line":27,"column":26}},"11":{"start":{"line":28,"column":2},"end":{"line":39,"column":3}},"12":{"start":{"line":29,"column":24},"end":{"line":29,"column":50}},"13":{"start":{"line":30,"column":26},"end":{"line":30,"column":77}},"14":{"start":{"line":31,"column":3},"end":{"line":31,"column":57}},"15":{"start":{"line":32,"column":3},"end":{"line":34,"column":4}},"16":{"start":{"line":33,"column":4},"end":{"line":33,"column":27}},"17":{"start":{"line":36,"column":5},"end":{"line":38,"column":4}},"18":{"start":{"line":37,"column":4},"end":{"line":37,"column":26}},"19":{"start":{"line":40,"column":2},"end":{"line":47,"column":3}},"20":{"start":{"line":41,"column":20},"end":{"line":41,"column":42}},"21":{"start":{"line":42,"column":22},"end":{"line":42,"column":69}},"22":{"start":{"line":43,"column":3},"end":{"line":43,"column":53}},"23":{"start":{"line":44,"column":3},"end":{"line":46,"column":4}},"24":{"start":{"line":45,"column":5},"end":{"line":45,"column":26}},"25":{"start":{"line":48,"column":2},"end":{"line":55,"column":10}},"26":{"start":{"line":59,"column":10},"end":{"line":59,"column":11}},"27":{"start":{"line":60,"column":21},"end":{"line":60,"column":47}},"28":{"start":{"line":61,"column":21},"end":{"line":61,"column":23}},"29":{"start":{"line":63,"column":2},"end":{"line":72,"column":3}},"30":{"start":{"line":64,"column":18},"end":{"line":64,"column":44}},"31":{"start":{"line":65,"column":17},"end":{"line":65,"column":39}},"32":{"start":{"line":66,"column":14},"end":{"line":66,"column":40}},"33":{"start":{"line":67,"column":16},"end":{"line":67,"column":45}},"34":{"start":{"line":68,"column":23},"end":{"line":68,"column":48}},"35":{"start":{"line":69,"column":20},"end":{"line":69,"column":89}},"36":{"start":{"line":70,"column":3},"end":{"line":70,"column":33}},"37":{"start":{"line":71,"column":3},"end":{"line":71,"column":10}},"38":{"start":{"line":74,"column":2},"end":{"line":74,"column":22}},"39":{"start":{"line":78,"column":4},"end":{"line":91,"column":6}},"40":{"start":{"line":94,"column":2},"end":{"line":95,"column":19}},"41":{"start":{"line":95,"column":12},"end":{"line":95,"column":19}},"42":{"start":{"line":96,"column":16},"end":{"line":96,"column":46}},"43":{"start":{"line":97,"column":17},"end":{"line":100,"column":38}},"44":{"start":{"line":101,"column":2},"end":{"line":103,"column":12}},"45":{"start":{"line":101,"column":30},"end":{"line":103,"column":9}}},"fnMap":{"0":{"name":"(anonymous_0)","decl":{"start":{"line":14,"column":1},"end":{"line":14,"column":2}},"loc":{"start":{"line":14,"column":20},"end":{"line":20,"column":2}},"line":14},"1":{"name":"(anonymous_1)","decl":{"start":{"line":22,"column":1},"end":{"line":22,"column":2}},"loc":{"start":{"line":22,"column":65},"end":{"line":56,"column":2}},"line":22},"2":{"name":"(anonymous_2)","decl":{"start":{"line":58,"column":1},"end":{"line":58,"column":2}},"loc":{"start":{"line":58,"column":19},"end":{"line":75,"column":2}},"line":58},"3":{"name":"(anonymous_3)","decl":{"start":{"line":77,"column":1},"end":{"line":77,"column":2}},"loc":{"start":{"line":77,"column":9},"end":{"line":92,"column":2}},"line":77},"4":{"name":"(anonymous_4)","decl":{"start":{"line":93,"column":1},"end":{"line":93,"column":2}},"loc":{"start":{"line":93,"column":22},"end":{"line":105,"column":2}},"line":93},"5":{"name":"(anonymous_5)","decl":{"start":{"line":101,"column":16},"end":{"line":101,"column":17}},"loc":{"start":{"line":101,"column":30},"end":{"line":103,"column":9}},"line":101}},"branchMap":{"0":{"loc":{"start":{"line":28,"column":2},"end":{"line":39,"column":3}},"type":"if","locations":[{"start":{"line":28,"column":2},"end":{"line":39,"column":3}},{"start":{"line":28,"column":2},"end":{"line":39,"column":3}}],"line":28},"1":{"loc":{"start":{"line":32,"column":3},"end":{"line":34,"column":4}},"type":"if","locations":[{"start":{"line":32,"column":3},"end":{"line":34,"column":4}},{"start":{"line":32,"column":3},"end":{"line":34,"column":4}}],"line":32},"2":{"loc":{"start":{"line":32,"column":7},"end":{"line":32,"column":59}},"type":"binary-expr","locations":[{"start":{"line":32,"column":7},"end":{"line":32,"column":23}},{"start":{"line":32,"column":27},"end":{"line":32,"column":59}}],"line":32},"3":{"loc":{"start":{"line":36,"column":5},"end":{"line":38,"column":4}},"type":"if","locations":[{"start":{"line":36,"column":5},"end":{"line":38,"column":4}},{"start":{"line":36,"column":5},"end":{"line":38,"column":4}}],"line":36},"4":{"loc":{"start":{"line":40,"column":2},"end":{"line":47,"column":3}},"type":"if","locations":[{"start":{"line":40,"column":2},"end":{"line":47,"column":3}},{"start":{"line":40,"column":2},"end":{"line":47,"column":3}}],"line":40},"5":{"loc":{"start":{"line":44,"column":3},"end":{"line":46,"column":4}},"type":"if","locations":[{"start":{"line":44,"column":3},"end":{"line":46,"column":4}},{"start":{"line":44,"column":3},"end":{"line":46,"column":4}}],"line":44},"6":{"loc":{"start":{"line":44,"column":7},"end":{"line":44,"column":55}},"type":"binary-expr","locations":[{"start":{"line":44,"column":7},"end":{"line":44,"column":23}},{"start":{"line":44,"column":27},"end":{"line":44,"column":55}}],"line":44},"7":{"loc":{"start":{"line":94,"column":2},"end":{"line":95,"column":19}},"type":"if","locations":[{"start":{"line":94,"column":2},"end":{"line":95,"column":19}},{"start":{"line":94,"column":2},"end":{"line":95,"column":19}}],"line":94}},"s":{"0":1,"1":0,"2":0,"3":0,"4":0,"5":0,"6":0,"7":0,"8":0,"9":0,"10":0,"11":0,"12":0,"13":0,"14":0,"15":0,"16":0,"17":0,"18":0,"19":0,"20":0,"21":0,"22":0,"23":0,"24":0,"25":0,"26":0,"27":0,"28":0,"29":0,"30":0,"31":0,"32":0,"33":0,"34":0,"35":0,"36":0,"37":0,"38":0,"39":0,"40":0,"41":0,"42":0,"43":0,"44":0,"45":0},"f":{"0":0,"1":0,"2":0,"3":0,"4":0,"5":0},"b":{"0":[0,0],"1":[0,0],"2":[0,0],"3":[0,0],"4":[0,0],"5":[0,0],"6":[0,0],"7":[0,0]},"_coverageSchema":"1a1c01bbd47fc00a2c39e90264f33305004495a9","hash":"956e4356a31614806c1183a4d8ddb19e7b910d5b"}
,"C:\\Users\\user\\Documents\\GitHub\\Triddy\\src\\Components\\myProfile\\CardProduct.js": {"path":"C:\\Users\\user\\Documents\\GitHub\\Triddy\\src\\Components\\myProfile\\CardProduct.js","statementMap":{"0":{"start":{"line":10,"column":58},"end":{"line":10,"column":68}},"1":{"start":{"line":11,"column":8},"end":{"line":34,"column":9}}},"fnMap":{"0":{"name":"(anonymous_0)","decl":{"start":{"line":9,"column":4},"end":{"line":9,"column":5}},"loc":{"start":{"line":9,"column":12},"end":{"line":35,"column":5}},"line":9}},"branchMap":{},"s":{"0":0,"1":0},"f":{"0":0},"b":{}}
,"C:\\Users\\user\\Documents\\GitHub\\Triddy\\src\\Components\\myProfile\\Data.js": {"path":"C:\\Users\\user\\Documents\\GitHub\\Triddy\\src\\Components\\myProfile\\Data.js","statementMap":{"0":{"start":{"line":7,"column":44},"end":{"line":7,"column":54}},"1":{"start":{"line":8,"column":4},"end":{"line":44,"column":6}}},"fnMap":{"0":{"name":"(anonymous_0)","decl":{"start":{"line":6,"column":2},"end":{"line":6,"column":3}},"loc":{"start":{"line":6,"column":11},"end":{"line":45,"column":3}},"line":6}},"branchMap":{},"s":{"0":0,"1":0},"f":{"0":0},"b":{}}
,"C:\\Users\\user\\Documents\\GitHub\\Triddy\\src\\Components\\myProfile\\MenuSlide.js": {"path":"C:\\Users\\user\\Documents\\GitHub\\Triddy\\src\\Components\\myProfile\\MenuSlide.js","statementMap":{"0":{"start":{"line":10,"column":4},"end":{"line":10,"column":17}},"1":{"start":{"line":11,"column":4},"end":{"line":11,"column":36}},"2":{"start":{"line":12,"column":4},"end":{"line":12,"column":20}},"3":{"start":{"line":16,"column":4},"end":{"line":28,"column":5}},"4":{"start":{"line":17,"column":6},"end":{"line":22,"column":8}},"5":{"start":{"line":24,"column":6},"end":{"line":27,"column":8}},"6":{"start":{"line":32,"column":4},"end":{"line":46,"column":6}}},"fnMap":{"0":{"name":"(anonymous_0)","decl":{"start":{"line":9,"column":2},"end":{"line":9,"column":3}},"loc":{"start":{"line":9,"column":21},"end":{"line":13,"column":3}},"line":9},"1":{"name":"(anonymous_1)","decl":{"start":{"line":15,"column":2},"end":{"line":15,"column":3}},"loc":{"start":{"line":15,"column":18},"end":{"line":29,"column":3}},"line":15},"2":{"name":"(anonymous_2)","decl":{"start":{"line":31,"column":2},"end":{"line":31,"column":3}},"loc":{"start":{"line":31,"column":11},"end":{"line":47,"column":3}},"line":31}},"branchMap":{"0":{"loc":{"start":{"line":16,"column":4},"end":{"line":28,"column":5}},"type":"if","locations":[{"start":{"line":16,"column":4},"end":{"line":28,"column":5}},{"start":{"line":16,"column":4},"end":{"line":28,"column":5}}],"line":16}},"s":{"0":0,"1":0,"2":0,"3":0,"4":0,"5":0,"6":0},"f":{"0":0,"1":0,"2":0},"b":{"0":[0,0]}}
[...]
column":12},"end":{"line":33,"column":14}},"14":{"start":{"line":35,"column":8},"end":{"line":39,"column":10}}},"fnMap":{"0":{"name":"(anonymous_0)","decl":{"start":{"line":12,"column":4},"end":{"line":12,"column":5}},"loc":{"start":{"line":12,"column":22},"end":{"line":15,"column":5}},"line":12},"1":{"name":"(anonymous_1)","decl":{"start":{"line":17,"column":4},"end":{"line":17,"column":5}},"loc":{"start":{"line":17,"column":21},"end":{"line":27,"column":5}},"line":17},"2":{"name":"(anonymous_2)","decl":{"start":{"line":29,"column":4},"end":{"line":29,"column":5}},"loc":{"start":{"line":29,"column":12},"end":{"line":40,"column":5}},"line":29},"3":{"name":"(anonymous_3)","decl":{"start":{"line":30,"column":65},"end":{"line":30,"column":66}},"loc":{"start":{"line":30,"column":79},"end":{"line":34,"column":9}},"line":30}},"branchMap":{"0":{"loc":{"start":{"line":18,"column":8},"end":{"line":18,"column":97}},"type":"if","locations":[{"start":{"line":18,"column":8},"end":{"line":18,"column":97}},{"start":{"line":18,"column":8},"end":{"line":18,"column":97}}],"line":18},"1":{"loc":{"start":{"line":20,"column":8},"end":{"line":20,"column":96}},"type":"if","locations":[{"start":{"line":20,"column":8},"end":{"line":20,"column":96}},{"start":{"line":20,"column":8},"end":{"line":20,"column":96}}],"line":20},"2":{"loc":{"start":{"line":22,"column":8},"end":{"line":22,"column":97}},"type":"if","locations":[{"start":{"line":22,"column":8},"end":{"line":22,"column":97}},{"start":{"line":22,"column":8},"end":{"line":22,"column":97}}],"line":22},"3":{"loc":{"start":{"line":24,"column":8},"end":{"line":24,"column":97}},"type":"if","locations":[{"start":{"line":24,"column":8},"end":{"line":24,"column":97}},{"start":{"line":24,"column":8},"end":{"line":24,"column":97}}],"line":24},"4":{"loc":{"start":{"line":26,"column":8},"end":{"line":26,"column":99}},"type":"if","locations":[{"start":{"line":26,"column":8},"end":{"line":26,"column":99}},{"start":{"line":26,"column":8},"end":{"line":26,"column":99}}],"line":26}},"s":{"0":0,"1":0,"2":0,"3":0,"4":0,"5":0,"6":0,"7":0,"8":0,"9":0,"10":0,"11":0,"12":0,"13":0,"14":0},"f":{"0":0,"1":0,"2":0,"3":0},"b":{"0":[0,0],"1":[0,0],"2":[0,0],"3":[0,0],"4":[0,0]}}
,"C:\\Users\\user\\Documents\\GitHub\\Triddy\\src\\Components\\registerProfile\\MenuSlide.js": {"path":"C:\\Users\\user\\Documents\\GitHub\\Triddy\\src\\Components\\registerProfile\\MenuSlide.js","statementMap":{"0":{"start":{"line":10,"column":4},"end":{"line":10,"column":17}},"1":{"start":{"line":11,"column":4},"end":{"line":11,"column":36}},"2":{"start":{"line":12,"column":4},"end":{"line":12,"column":20}},"3":{"start":{"line":16,"column":4},"end":{"line":28,"column":5}},"4":{"start":{"line":17,"column":6},"end":{"line":22,"column":8}},"5":{"start":{"line":24,"column":6},"end":{"line":27,"column":8}},"6":{"start":{"line":32,"column":4},"end":{"line":46,"column":6}}},"fnMap":{"0":{"name":"(anonymous_0)","decl":{"start":{"line":9,"column":2},"end":{"line":9,"column":3}},"loc":{"start":{"line":9,"column":21},"end":{"line":13,"column":3}},"line":9},"1":{"name":"(anonymous_1)","decl":{"start":{"line":15,"column":2},"end":{"line":15,"column":3}},"loc":{"start":{"line":15,"column":18},"end":{"line":29,"column":3}},"line":15},"2":{"name":"(anonymous_2)","decl":{"start":{"line":31,"column":2},"end":{"line":31,"column":3}},"loc":{"start":{"line":31,"column":11},"end":{"line":47,"column":3}},"line":31}},"branchMap":{"0":{"loc":{"start":{"line":16,"column":4},"end":{"line":28,"column":5}},"type":"if","locations":[{"start":{"line":16,"column":4},"end":{"line":28,"column":5}},{"start":{"line":16,"column":4},"end":{"line":28,"column":5}}],"line":16}},"s":{"0":0,"1":0,"2":0,"3":0,"4":0,"5":0,"6":0},"f":{"0":0,"1":0,"2":0},"b":{"0":[0,0]}}
,"C:\\Users\\user\\Documents\\GitHub\\Triddy\\src\\Components\\registerProfile\\Registration.js": {"path":"C:\\Users\\user\\Documents\\GitHub\\Triddy\\src\\Components\\registerProfile\\Registration.js","statementMap":{"0":{"start":{"line":8,"column":4},"end":{"line":8,"column":17}},"1":{"start":{"line":9,"column":4},"end":{"line":9,"column":92}},"2":{"start":{"line":13,"column":4},"end":{"line":49,"column":6}}},"fnMap":{"0":{"name":"(anonymous_0)","decl":{"start":{"line":7,"column":2},"end":{"line":7,"column":3}},"loc":{"start":{"line":7,"column":21},"end":{"line":10,"column":3}},"line":7},"1":{"name":"(anonymous_1)","decl":{"start":{"line":12,"column":2},"end":{"line":12,"column":3}},"loc":{"start":{"line":12,"column":11},"end":{"line":50,"column":3}},"line":12}},"branchMap":{},"s":{"0":0,"1":0,"2":0},"f":{"0":0,"1":0},"b":{}}
,"C:\\Users\\user\\Documents\\GitHub\\Triddy\\src\\Components\\registerProfile\\pages\\Register.js": {"path":"C:\\Users\\user\\Documents\\GitHub\\Triddy\\src\\Components\\registerProfile\\pages\\Register.js","statementMap":{"0":{"start":{"line":8,"column":4},"end":{"line":12,"column":6}}},"fnMap":{"0":{"name":"(anonymous_0)","decl":{"start":{"line":7,"column":2},"end":{"line":7,"column":3}},"loc":{"start":{"line":7,"column":11},"end":{"line":13,"column":3}},"line":7}},"branchMap":{},"s":{"0":0},"f":{"0":0},"b":{}}
,"C:\\Users\\user\\Documents\\GitHub\\Triddy\\src\\Components\\rent-product\\AddressForm.js": {"path":"C:\\Users\\user\\Documents\\GitHub\\Triddy\\src\\Components\\rent-product\\AddressForm.js","statementMap":{"0":{"start":{"line":12,"column":18},"end":{"line":12,"column":98}},"1":{"start":{"line":13,"column":4},"end":{"line":58,"column":6}},"2":{"start":{"line":48,"column":14},"end":{"line":50,"column":25}}},"fnMap":{"0":{"name":"(anonymous_0)","decl":{"start":{"line":11,"column":2},"end":{"line":11,"column":3}},"loc":{"start":{"line":11,"column":11},"end":{"line":59,"column":3}},"line":11},"1":{"name":"(anonymous_1)","decl":{"start":{"line":47,"column":25},"end":{"line":47,"column":26}},"loc":{"start":{"line":48,"column":14},"end":{"line":50,"column":25}},"line":48}},"branchMap":{},"s":{"0":0,"1":0,"2":0},"f":{"0":0,"1":0},"b":{},"_coverageSchema":"1a1c01bbd47fc00a2c39e90264f33305004495a9","hash":"404e11e669bffcb82ec62e557eb9cf2d82b1d25e"}
,"C:\\Users\\user\\Documents\\GitHub\\Triddy\\src\\Components\\rent-product\\PaymentForm.js": {"path":"C:\\Users\\user\\Documents\\GitHub\\Triddy\\src\\Components\\rent-product\\PaymentForm.js","statementMap":{"0":{"start":{"line":10,"column":4},"end":{"line":54,"column":6}}},"fnMap":{"0":{"name":"(anonymous_0)","decl":{"start":{"line":9,"column":2},"end":{"line":9,"column":3}},"loc":{"start":{"line":9,"column":11},"end":{"line":55,"column":3}},"line":9}},"branchMap":{},"s":{"0":0},"f":{"0":0},"b":{},"_coverageSchema":"1a1c01bbd47fc00a2c39e90264f33305004495a9","hash":"70c39d086861ee6c2a9f98a5e37f065bca032d24"}
,"C:\\Users\\user\\Documents\\GitHub\\Triddy\\src\\Components\\rent-product\\RentCheckout.js": {"path":"C:\\Users\\user\\Documents\\GitHub\\Triddy\\src\\Components\\rent-product\\RentCheckout.js","statementMap":{"0":{"start":{"line":16,"column":18},"end":{"line":53,"column":3}},"1":{"start":{"line":16,"column":41},"end":{"line":53,"column":1}},"2":{"start":{"line":55,"column":14},"end":{"line":55,"column":76}},"3":{"start":{"line":58,"column":2},"end":{"line":67,"column":3}},"4":{"start":{"line":60,"column":6},"end":{"line":60,"column":29}},"5":{"start":{"line":62,"column":6},"end":{"line":62,"column":29}},"6":{"start":{"line":64,"column":6},"end":{"line":64,"column":24}},"7":{"start":{"line":66,"column":6},"end":{"line":66,"column":38}},"8":{"start":{"line":71,"column":18},"end":{"line":71,"column":29}},"9":{"start":{"line":72,"column":38},"end":{"line":72,"column":55}},"10":{"start":{"line":74,"column":21},"end":{"line":76,"column":3}},"11":{"start":{"line":75,"column":4},"end":{"line":75,"column":34}},"12":{"start":{"line":78,"column":21},"end":{"line":80,"column":3}},"13":{"start":{"line":79,"column":4},"end":{"line":79,"column":34}},"14":{"start":{"line":82,"column":2},"end":{"line":138,"column":4}},"15":{"start":{"line":99,"column":14},"end":{"line":101,"column":21}}},"fnMap":{"0":{"name":"(anonymous_0)","decl":{"start":{"line":16,"column":29},"end":{"line":16,"column":30}},"loc":{"start":{"line":16,"column":41},"end":{"line":53,"column":1}},"line":16},"1":{"name":"getStepContent","decl":{"start":{"line":57,"column":9},"end":{"line":57,"column":23}},"loc":{"start":{"line":57,"column":30},"end":{"line":68,"column":1}},"line":57},"2":{"name":"RentCheckout","decl":{"start":{"line":70,"column":24},"end":{"line":70,"column":36}},"loc":{"start":{"line":70,"column":39},"end":{"line":139,"column":1}},"line":70},"3":{"name":"(anonymous_3)","decl":{"start":{"line":74,"column":21},"end":{"line":74,"column":22}},"loc":{"start":{"line":74,"column":27},"end":{"line":76,"column":3}},"line":74},"4":{"name":"(anonymous_4)","decl":{"start":{"line":78,"column":21},"end":{"line":78,"column":22}},"loc":{"start":{"line":78,"column":27},"end":{"line":80,"column":3}},"line":78},"5":{"name":"(anonymous_5)","decl":{"start":{"line":98,"column":23},"end":{"line":98,"column":24}},"loc":{"start":{"line":99,"column":14},"end":{"line":101,"column":21}},"line":99}},"branchMap":{"0":{"loc":{"start":{"line":58,"column":2},"end":{"line":67,"column":3}},"type":"switch","locations":[{"start":{"line":59,"column":4},"end":{"line":60,"column":29}},{"start":{"line":61,"column":4},"end":{"line":62,"column":29}},{"start":{"line":63,"column":4},"end":{"line":64,"column":24}},{"start":{"line":65,"column":4},"end":{"line":66,"column":38}}],"line":58},"1":{"loc":{"start":{"line":105,"column":13},"end":{"line":133,"column":13}},"type":"cond-expr","locations":[{"start":{"line":106,"column":14},"end":{"line":113,"column":31}},{"start":{"line":115,"column":14},"end":{"line":132,"column":31}}],"line":105},"2":{"loc":{"start":{"line":118,"column":19},"end":{"line":122,"column":19}},"type":"binary-expr","locations":[{"start":{"line":118,"column":19},"end":{"line":118,"column":35}},{"start":{"line":119,"column":20},"end":{"line":121,"column":29}}],"line":118},"3":{"loc":{"start":{"line":129,"column":21},"end":{"line":129,"column":77}},"type":"cond-expr","locations":[{"start":{"line":129,"column":55},"end":{"line":129,"column":68}},{"start":{"line":129,"column":71},"end":{"line":129,"column":77}}],"line":129}},"s":{"0":1,"1":0,"2":1,"3":0,"4":0,"5":0,"6":0,"7":0,"8":0,"9":0,"10":0,"11":0,"12":0,"13":0,"14":0,"15":0},"f":{"0":0,"1":0,"2":0,"3":0,"4":0,"5":0},"b":{"0":[0,0,0,0],"1":[0,0],"2":[0,0],"3":[0,0]},"_coverageSchema":"1a1c01bbd47fc00a2c39e90264f33305004495a9","hash":"cdcebc7868978d6c1f8f8604b0e422355f3d7dcd"}
,"C:\\Users\\user\\Documents\\GitHub\\Triddy\\src\\Components\\rent-product\\Review.js": {"path":"C:\\Users\\user\\Documents\\GitHub\\Triddy\\src\\Components\\rent-product\\Review.js","statementMap":{"0":{"start":{"line":11,"column":21},"end":{"line":15,"column":5}},"1":{"start":{"line":17,"column":21},"end":{"line":21,"column":5}},"2":{"start":{"line":23,"column":22},"end":{"line":33,"column":7}},"3":{"start":{"line":23,"column":45},"end":{"line":33,"column":5}},"4":{"start":{"line":34,"column":20},"end":{"line":34,"column":29}},"5":{"start":{"line":35,"column":4},"end":{"line":74,"column":6}},"6":{"start":{"line":42,"column":12},"end":{"line":45,"column":23}},"7":{"start":{"line":61,"column":16},"end":{"line":68,"column":33}}},"fnMap":{"0":{"name":"(anonymous_0)","decl":{"start":{"line":10,"column":2},"end":{"line":10,"column":3}},"loc":{"start":{"line":10,"column":11},"end":{"line":75,"column":3}},"line":10},"1":{"name":"(anonymous_1)","decl":{"start":{"line":23,"column":33},"end":{"line":23,"column":34}},"loc":{"start":{"line":23,"column":45},"end":{"line":33,"column":5}},"line":23},"2":{"name":"(anonymous_2)","decl":{"start":{"line":41,"column":24},"end":{"line":41,"column":25}},"loc":{"start":{"line":42,"column":12},"end":{"line":45,"column":23}},"line":42},"3":{"name":"(anonymous_3)","decl":{"start":{"line":60,"column":28},"end":{"line":60,"column":29}},"loc":{"start":{"line":61,"column":16},"end":{"line":68,"column":33}},"line":61}},"branchMap":{},"s":{"0":0,"1":0,"2":0,"3":0,"4":0,"5":0,"6":0,"7":0},"f":{"0":0,"1":0,"2":0,"3":0},"b":{},"_coverageSchema":"1a1c01bbd47fc00a2c39e90264f33305004495a9","hash":"94da512889aaa576958239426ca6fe9387ec465b"}
,"C:\\Users\\user\\Documents\\GitHub\\Triddy\\src\\Components\\toolBar\\ToolBar.js": {"path":"C:\\Users\\user\\Documents\\GitHub\\Triddy\\src\\Components\\toolBar\\ToolBar.js","statementMap":{"0":{"start":{"line":9,"column":2},"end":{"line":9,"column":15}},"1":{"start":{"line":10,"column":2},"end":{"line":10,"column":47}},"2":{"start":{"line":13,"column":2},"end":{"line":32,"column":3}},"3":{"start":{"line":14,"column":3},"end":{"line":18,"column":5}},"4":{"start":{"line":21,"column":3},"end":{"line":31,"column":5}},"5":{"start":{"line":24,"column":83},"end":{"line":24,"column":100}},"6":{"start":{"line":36,"column":2},"end":{"line":36,"column":46}}},"fnMap":{"0":{"name":"(anonymous_0)","decl":{"start":{"line":8,"column":4},"end":{"line":8,"column":5}},"loc":{"start":{"line":8,"column":22},"end":{"line":11,"column":2}},"line":8},"1":{"name":"(anonymous_1)","decl":{"start":{"line":12,"column":1},"end":{"line":12,"column":2}},"loc":{"start":{"line":12,"column":9},"end":{"line":33,"column":2}},"line":12},"2":{"name":"(anonymous_2)","decl":{"start":{"line":24,"column":75},"end":{"line":24,"column":76}},"loc":{"start":{"line":24,"column":81},"end":{"line":24,"column":102}},"line":24},"3":{"name":"(anonymous_3)","decl":{"start":{"line":35,"column":1},"end":{"line":35,"column":2}},"loc":{"start":{"line":35,"column":13},"end":{"line":37,"column":2}},"line":35}},"branchMap":{"0":{"loc":{"start":{"line":13,"column":2},"end":{"line":32,"column":3}},"type":"if","locations":[{"start":{"line":13,"column":2},"end":{"line":32,"column":3}},{"start":{"line":13,"column":2},"end":{"line":32,"column":3}}],"line":13}},"s":{"0":0,"1":0,"2":0,"3":0,"4":0,"5":0,"6":0},"f":{"0":0,"1":0,"2":0,"3":0},"b":{"0":[0,0]},"_coverageSchema":"1a1c01bbd47fc00a2c39e90264f33305004495a9","hash":"46581a33a97d296d8a26970a83907e057ef3e1fc"}
,"C:\\Users\\user\\Documents\\GitHub\\Triddy\\src\\Components\\viewOtherProfile\\CardProduct.js": {"path":"C:\\Users\\user\\Documents\\GitHub\\Triddy\\src\\Components\\viewOtherProfile\\CardProduct.js","statementMap":{"0":{"start":{"line":10,"column":58},"end":{"line":10,"column":68}},"1":{"start":{"line":11,"column":8},"end":{"line":31,"column":9}}},"fnMap":{"0":{"name":"(anonymous_0)","decl":{"start":{"line":9,"column":4},"end":{"line":9,"column":5}},"loc":{"start":{"line":9,"column":12},"end":{"line":32,"column":5}},"line":9}},"branchMap":{},"s":{"0":0,"1":0},"f":{"0":0},"b":{}}
,"C:\\Users\\user\\Documents\\GitHub\\Triddy\\src\\Components\\viewOtherProfile\\Data.js": {"path":"C:\\Users\\user\\Documents\\GitHub\\Triddy\\src\\Components\\viewOtherProfile\\Data.js","statementMap":{"0":{"start":{"line":7,"column":44},"end":{"line":7,"column":54}},"1":{"start":{"line":8,"column":4},"end":{"line":35,"column":6}}},"fnMap":{"0":{"name":"(anonymous_0)","decl":{"start":{"line":6,"column":2},"end":{"line":6,"column":3}},"loc":{"start":{"line":6,"column":11},"end":{"line":36,"column":3}},"line":6}},"branchMap":{},"s":{"0":0,"1":0},"f":{"0":0},"b":{}}
,"C:\\Users\\user\\Documents\\GitHub\\Triddy\\src\\Components\\viewOtherProfile\\MenuSlide.js": {"path":"C:\\Users\\user\\Documents\\GitHub\\Triddy\\src\\Components\\viewOtherProfile\\MenuSlide.js","statementMap":{"0":{"start":{"line":10,"column":4},"end":{"line":10,"column":17}},"1":{"start":{"line":11,"column":4},"end":{"line":11,"column":36}},"2":{"start":{"line":12,"column":4},"end":{"line":12,"column":20}},"3":{"start":{"line":16,"column":4},"end":{"line":28,"column":5}},"4":{"start":{"line":17,"column":6},"end":{"line":22,"column":8}},"5":{"start":{"line":24,"column":6},"end":{"line":27,"column":8}},"6":{"start":{"line":32,"column":4},"end":{"line":46,"column":6}}},"fnMap":{"0":{"name":"(anonymous_0)","decl":{"start":{"line":9,"column":2},"end":{"line":9,"column":3}},"loc":{"start":{"line":9,"column":21},"end":{"line":13,"column":3}},"line":9},"1":{"name":"(anonymous_1)","decl":{"start":{"line":15,"column":2},"end":{"line":15,"column":3}},"loc":{"start":{"line":15,"column":18},"end":{"line":29,"column":3}},"line":15},"2":{"name":"(anonymous_2)","decl":{"start":{"line":31,"column":2},"end":{"line":31,"column":3}},"loc":{"start":{"line":31,"column":11},"end":{"line":47,"column":3}},"line":31}},"branchMap":{"0":{"loc":{"start":{"line":16,"column":4},"end":{"line":28,"column":5}},"type":"if","locations":[{"start":{"line":16,"column":4},"end":{"line":28,"column":5}},{"start":{"line":16,"column":4},"end":{"line":28,"column":5}}],"line":16}},"s":{"0":0,"1":0,"2":0,"3":0,"4":0,"5":0,"6":0},"f":{"0":0,"1":0,"2":0},"b":{"0":[0,0]}}
,"C:\\Users\\user\\Documents\\GitHub\\Triddy\\src\\Components\\viewOtherProfile\\ProductList.js": {"path":"C:\\Users\\user\\Documents\\GitHub\\Triddy\\src\\Components\\viewOtherProfile\\ProductList.js","statementMap":{"0":{"start":{"line":6,"column":4},"end":{"line":6,"column":17}},"1":{"start":{"line":10,"column":4},"end":{"line":26,"column":6}},"2":{"start":{"line":13,"column":16},"end":{"line":23,"column":17}}},"fnMap":{"0":{"name":"(anonymous_0)","decl":{"start":{"line":5,"column":2},"end":{"line":5,"column":3}},"loc":{"start":{"line":5,"column":21},"end":{"line":7,"column":3}},"line":5},"1":{"name":"(anonymous_1)","decl":{"start":{"line":9,"column":2},"end":{"line":9,"column":3}},"loc":{"start":{"line":9,"column":11},"end":{"line":27,"column":3}},"line":9},"2":{"name":"(anonymous_2)","decl":{"start":{"line":12,"column":38},"end":{"line":12,"column":39}},"loc":{"start":{"line":12,"column":53},"end":{"line":24,"column":13}},"line":12}},"branchMap":{},"s":{"0":0,"1":0,"2":0},"f":{"0":0,"1":0,"2":0},"b":{}}
,"C:\\Users\\user\\Documents\\GitHub\\Triddy\\src\\Components\\viewOtherProfile\\pages\\MyData.js": {"path":"C:\\Users\\user\\Documents\\GitHub\\Triddy\\src\\Components\\viewOtherProfile\\pages\\MyData.js","statementMap":{"0":{"start":{"line":7,"column":4},"end":{"line":7,"column":17}},"1":{"start":{"line":8,"column":4},"end":{"line":16,"column":3}},"2":{"start":{"line":20,"column":4},"end":{"line":24,"column":6}},"3":{"start":{"line":28,"column":4},"end":{"line":34,"column":6}}},"fnMap":{"0":{"name":"(anonymous_0)","decl":{"start":{"line":6,"column":2},"end":{"line":6,"column":3}},"loc":{"start":{"line":6,"column":21},"end":{"line":17,"column":3}},"line":6},"1":{"name":"(anonymous_1)","decl":{"start":{"line":19,"column":2},"end":{"line":19,"column":3}},"loc":{"start":{"line":19,"column":21},"end":{"line":25,"column":3}},"line":19},"2":{"name":"(anonymous_2)","decl":{"start":{"line":27,"column":2},"end":{"line":27,"column":3}},"loc":{"start":{"line":27,"column":11},"end":{"line":35,"column":3}},"line":27}},"branchMap":{},"s":{"0":0,"1":0,"2":0,"3":0},"f":{"0":0,"1":0,"2":0},"b":{}}
,"C:\\Users\\user\\Documents\\GitHub\\Triddy\\src\\Components\\viewOtherProfile\\pages\\MyPosts.js": {"path":"C:\\Users\\user\\Documents\\GitHub\\Triddy\\src\\Components\\viewOtherProfile\\pages\\MyPosts.js","statementMap":{"0":{"start":{"line":10,"column":8},"end":{"line":10,"column":20}},"1":{"start":{"line":11,"column":8},"end":{"line":27,"column":9}},"2":{"start":{"line":31,"column":8},"end":{"line":35,"column":10}},"3":{"start":{"line":39,"column":8},"end":{"line":45,"column":9}}},"fnMap":{"0":{"name":"(anonymous_0)","decl":{"start":{"line":9,"column":4},"end":{"line":9,"column":5}},"loc":{"start":{"line":9,"column":22},"end":{"line":28,"column":5}},"line":9},"1":{"name":"(anonymous_1)","decl":{"start":{"line":30,"column":4},"end":{"line":30,"column":5}},"loc":{"start":{"line":30,"column":23},"end":{"line":36,"column":5}},"line":30},"2":{"name":"(anonymous_2)","decl":{"start":{"line":38,"column":4},"end":{"line":38,"column":5}},"loc":{"start":{"line":38,"column":12},"end":{"line":46,"column":5}},"line":38}},"branchMap":{},"s":{"0":0,"1":0,"2":0,"3":0},"f":{"0":0,"1":0,"2":0},"b":{}}
}
