TN:
SF:src\App.js
FN:9,App
FNF:1
FNH:1
FNDA:1,App
DA:10,1
LF:1
LH:1
BRF:0
BRH:0
end_of_record
TN:
SF:src\Procfile.js
FN:14,Procfile
FNF:1
FNH:0
FNDA:0,Procfile
DA:15,0
LF:1
LH:0
BRF:0
BRH:0
end_of_record
TN:
SF:src\index.js
FNF:0
FNH:0
DA:7,0
DA:17,0
LF:2
LH:0
BRF:0
BRH:0
end_of_record
TN:
SF:src\reportWebVitals.js
FN:1,(anonymous_0)
FN:3,(anonymous_1)
FNF:2
FNH:0
FNDA:0,(anonymous_0)
FNDA:0,(anonymous_1)
DA:1,0
DA:2,0
DA:3,0
DA:4,0
DA:5,0
DA:6,0
DA:7,0
DA:8,0
LF:8
LH:0
BRDA:2,0,0,0
BRDA:2,0,1,0
BRDA:2,1,0,0
BRDA:2,1,1,0
BRF:4
BRH:0
end_of_record
TN:
SF:src\serviceWorker.js
FN:23,register
FN:34,(anonymous_1)
FN:43,(anonymous_2)
FN:57,registerValidSW
FN:60,(anonymous_4)
FN:61,(anonymous_5)
FN:66,(anonymous_6)
FN:96,(anonymous_7)
FN:101,checkValidServiceWorker
FN:104,(anonymous_9)
FN:112,(anonymous_10)
FN:113,(anonymous_11)
FN:122,(anonymous_12)
FN:129,unregister
FN:131,(anonymous_14)
FNF:15
FNH:0
FNDA:0,register
FNDA:0,(anonymous_1)
FNDA:0,(anonymous_2)
FNDA:0,registerValidSW
FNDA:0,(anonymous_4)
FNDA:0,(anonymous_5)
FNDA:0,(anonymous_6)
FNDA:0,(anonymous_7)
FNDA:0,checkValidServiceWorker
FNDA:0,(anonymous_9)
FNDA:0,(anonymous_10)
FNDA:0,(anonymous_11)
FNDA:0,(anonymous_12)
FNDA:0,unregister
FNDA:0,(anonymous_14)
DA:13,0
DA:24,0
DA:26,0
DA:27,0
DA:31,0
DA:34,0
DA:35,0
DA:37,0
DA:39,0
DA:43,0
DA:44,0
DA:51,0
DA:58,0
DA:61,0
DA:62,0
DA:63,0
DA:64,0
DA:66,0
DA:67,0
DA:68,0
DA:72,0
DA:78,0
DA:79,0
DA:85,0
DA:88,0
DA:89,0
DA:97,0
DA:103,0
DA:106,0
DA:107,0
DA:112,0
DA:113,0
DA:114,0
DA:119,0
DA:123,0
DA:130,0
DA:131,0
DA:132,0
LF:38
LH:0
BRDA:14,0,0,0
BRDA:14,0,1,0
BRDA:14,0,2,0
BRDA:24,1,0,0
BRDA:24,1,1,0
BRDA:24,2,0,0
BRDA:24,2,1,0
BRDA:27,3,0,0
BRDA:27,3,1,0
BRDA:37,4,0,0
BRDA:37,4,1,0
BRDA:63,5,0,0
BRDA:63,5,1,0
BRDA:67,6,0,0
BRDA:67,6,1,0
BRDA:68,7,0,0
BRDA:68,7,1,0
BRDA:78,8,0,0
BRDA:78,8,1,0
BRDA:78,9,0,0
BRDA:78,9,1,0
BRDA:88,10,0,0
BRDA:88,10,1,0
BRDA:88,11,0,0
BRDA:88,11,1,0
BRDA:107,12,0,0
BRDA:107,12,1,0
BRDA:108,13,0,0
BRDA:108,13,1,0
BRDA:108,13,2,0
BRDA:130,14,0,0
BRDA:130,14,1,0
BRF:32
BRH:0
end_of_record
TN:
SF:src\Components\App.js
FN:12,(anonymous_0)
FNF:1
FNH:1
FNDA:1,(anonymous_0)
DA:9,1
DA:13,1
LF:2
LH:2
BRF:0
BRH:0
end_of_record
TN:
SF:src\Components\compose\Compose.js
FN:9,(anonymous_0)
FN:15,(anonymous_1)
FN:26,(anonymous_2)
FN:33,(anonymous_3)
FN:39,(anonymous_4)
FNF:5
FNH:2
FNDA:1,(anonymous_0)
FNDA:1,(anonymous_1)
FNDA:0,(anonymous_2)
FNDA:0,(anonymous_3)
FNDA:0,(anonymous_4)
DA:6,1
DA:10,1
DA:11,1
DA:12,1
DA:13,1
DA:16,1
DA:26,0
DA:34,0
DA:40,0
DA:41,0
LF:10
LH:6
BRF:0
BRH:0
end_of_record
TN:
SF:src\Components\conversation\Conversation.js
FN:7,(anonymous_0)
FNF:1
FNH:1
FNDA:1,(anonymous_0)
DA:8,1
DA:9,0
DA:16,1
LF:3
LH:2
BRDA:8,0,0,0
BRDA:8,0,1,1
BRF:2
BRH:1
end_of_record
TN:
SF:src\Components\conversationList\ConversationList.js
FN:9,(anonymous_0)
FN:14,(anonymous_1)
FN:20,(anonymous_2)
FNF:3
FNH:3
FNDA:1,(anonymous_0)
FNDA:1,(anonymous_1)
FNDA:2,(anonymous_2)
DA:10,1
DA:11,1
DA:15,1
DA:21,2
LF:4
LH:4
BRF:0
BRH:0
end_of_record
TN:
SF:src\Components\conversationListItem\ConversationListItem.js
FN:9,(anonymous_0)
FN:25,(anonymous_1)
FN:29,(anonymous_2)
FN:31,(anonymous_3)
FN:41,(anonymous_4)
FNF:5
FNH:3
FNDA:2,(anonymous_0)
FNDA:2,(anonymous_1)
FNDA:2,(anonymous_2)
FNDA:0,(anonymous_3)
FNDA:0,(anonymous_4)
DA:6,1
DA:10,2
DA:11,2
DA:12,2
DA:13,2
DA:14,0
DA:17,2
DA:19,2
DA:22,2
DA:26,2
DA:30,2
DA:31,0
DA:42,0
DA:44,0
LF:14
LH:10
BRDA:13,0,0,0
BRDA:13,0,1,2
BRF:2
BRH:1
end_of_record
TN:
SF:src\Components\conversationSearch\ConversationSearch.js
FN:5,(anonymous_0)
FNF:1
FNH:1
FNDA:1,(anonymous_0)
DA:6,1
LF:1
LH:1
BRF:0
BRH:0
end_of_record
TN:
SF:src\Components\data\data.js
FNF:0
FNH:0
DA:2,1
DA:64,1
DA:103,1
DA:108,1
DA:110,1
DA:112,1
LF:6
LH:6
BRF:0
BRH:0
end_of_record
TN:
SF:src\Components\formularioCalificacion\FormularioCalificacion.js
FN:28,(anonymous_0)
FN:43,(anonymous_1)
FN:51,(anonymous_2)
FN:59,(anonymous_3)
FN:65,(anonymous_4)
FN:73,(anonymous_5)
FN:79,(anonymous_6)
FN:90,(anonymous_7)
FNF:8
FNH:2
FNDA:1,(anonymous_0)
FNDA:0,(anonymous_1)
FNDA:0,(anonymous_2)
FNDA:0,(anonymous_3)
FNDA:0,(anonymous_4)
FNDA:0,(anonymous_5)
FNDA:0,(anonymous_6)
FNDA:1,(anonymous_7)
DA:11,1
DA:19,1
DA:29,1
DA:30,1
DA:35,1
DA:36,1
DA:37,1
DA:38,1
DA:39,1
DA:40,1
DA:44,0
DA:52,0
DA:60,0
DA:66,0
DA:74,0
DA:80,0
DA:86,0
DA:91,1
LF:18
LH:11
BRF:0
BRH:0
end_of_record
TN:
SF:src\Components\itemRentado\ItemRentado.js
FN:17,(anonymous_0)
FN:30,(anonymous_1)
FN:31,(anonymous_2)
FN:36,(anonymous_3)
FN:69,(anonymous_4)
FNF:5
FNH:2
FNDA:1,(anonymous_0)
FNDA:0,(anonymous_1)
FNDA:0,(anonymous_2)
FNDA:1,(anonymous_3)
FNDA:0,(anonymous_4)
DA:18,1
DA:19,1
DA:26,1
DA:27,1
DA:31,0
DA:37,1
DA:69,0
LF:7
LH:5
BRDA:50,0,0,1
BRDA:50,0,1,0
BRDA:77,1,0,0
BRDA:77,1,1,1
BRF:4
BRH:2
end_of_record
TN:
SF:src\Components\itemsRentados\ItemsRentados.js
FN:11,(anonymous_0)
FN:17,(anonymous_1)
FN:24,(anonymous_2)
FN:27,(anonymous_3)
FN:35,(anonymous_4)
FN:45,(anonymous_5)
FNF:6
FNH:3
FNDA:1,(anonymous_0)
FNDA:0,(anonymous_1)
FNDA:1,(anonymous_2)
FNDA:0,(anonymous_3)
FNDA:2,(anonymous_4)
FNDA:0,(anonymous_5)
DA:12,1
DA:13,1
DA:14,1
DA:18,0
DA:26,1
DA:27,0
DA:28,0
DA:34,1
DA:35,1
DA:36,2
DA:37,1
DA:45,0
DA:46,0
DA:47,0
DA:55,1
LF:15
LH:9
BRDA:26,0,0,0
BRDA:26,0,1,1
BRDA:34,1,0,1
BRDA:34,1,1,0
BRDA:36,2,0,1
BRDA:36,2,1,1
BRDA:46,3,0,0
BRDA:46,3,1,0
BRF:8
BRH:4
end_of_record
TN:
SF:src\Components\message\Message.js
FN:7,(anonymous_0)
FNF:1
FNH:1
FNDA:10,(anonymous_0)
DA:8,10
LF:1
LH:1
BRDA:11,0,0,5
BRDA:11,0,1,5
BRDA:12,1,0,6
BRDA:12,1,1,4
BRDA:13,2,0,6
BRDA:13,2,1,4
BRDA:16,3,0,10
BRDA:16,3,1,2
BRF:8
BRH:8
end_of_record
TN:
SF:src\Components\messageList\MessageList.js
FN:14,(anonymous_0)
FN:22,(anonymous_1)
FN:58,(anonymous_2)
FN:77,(anonymous_3)
FN:93,(anonymous_4)
FN:101,(anonymous_5)
FNF:6
FNH:4
FNDA:1,(anonymous_0)
FNDA:10,(anonymous_1)
FNDA:1,(anonymous_2)
FNDA:1,(anonymous_3)
FNDA:0,(anonymous_4)
FNDA:0,(anonymous_5)
DA:10,1
DA:15,1
DA:16,1
DA:17,1
DA:18,1
DA:19,1
DA:23,10
DA:24,10
DA:25,10
DA:26,10
DA:27,10
DA:28,10
DA:29,9
DA:30,9
DA:31,9
DA:32,9
DA:33,4
DA:36,9
DA:37,8
DA:40,10
DA:41,9
DA:42,9
DA:43,9
DA:44,9
DA:45,4
DA:48,10
DA:59,1
DA:60,1
DA:61,1
DA:63,1
DA:64,10
DA:65,10
DA:66,10
DA:67,10
DA:68,10
DA:69,10
DA:70,10
DA:71,10
DA:74,1
DA:78,1
DA:94,0
DA:95,0
DA:96,0
DA:97,0
DA:101,0
LF:45
LH:40
BRDA:28,0,0,9
BRDA:28,0,1,1
BRDA:32,1,0,4
BRDA:32,1,1,5
BRDA:32,2,0,9
BRDA:32,2,1,4
BRDA:36,3,0,8
BRDA:36,3,1,1
BRDA:40,4,0,9
BRDA:40,4,1,1
BRDA:44,5,0,4
BRDA:44,5,1,5
BRDA:44,6,0,9
BRDA:44,6,1,4
BRDA:94,7,0,0
BRDA:94,7,1,0
BRF:16
BRH:14
end_of_record
TN:
SF:src\Components\toolBar\ToolBar.js
FN:8,(anonymous_0)
FN:12,(anonymous_1)
FN:24,(anonymous_2)
FN:35,(anonymous_3)
FNF:4
FNH:2
FNDA:4,(anonymous_0)
FNDA:4,(anonymous_1)
FNDA:0,(anonymous_2)
FNDA:0,(anonymous_3)
DA:9,4
DA:10,4
DA:13,4
DA:14,3
DA:21,1
DA:24,0
DA:36,0
LF:7
LH:5
BRDA:13,0,0,3
BRDA:13,0,1,1
BRF:2
BRH:2
end_of_record
